<?xml version="1.0" encoding="UTF-8"?>
<testsuite xmlns:xsi="http://www.w3.org/2001/XMLSchema-instance" xsi:noNamespaceSchemaLocation="https://maven.apache.org/surefire/maven-surefire-plugin/xsd/surefire-test-report-3.0.xsd" version="3.0" name="com.sc.gdp.common.s3.S3ServiceTest" time="0.501" tests="26" errors="0" skipped="0" failures="0">
  <properties>
    <property name="socksProxyHost" value="127.0.0.1"/>
    <property name="http.proxyHost" value="127.0.0.1"/>
    <property name="java.specification.version" value="17"/>
    <property name="sun.jnu.encoding" value="UTF-8"/>
    <property name="java.class.path" value="/Users/bl44001/repo/gdp-dataserving-quarkus/server/target/test-classes:/Users/bl44001/repo/gdp-dataserving-quarkus/server/target/classes:/Users/bl44001/.m2/repository/io/quarkus/quarkus-resteasy-reactive/3.2.12.Final/quarkus-resteasy-reactive-3.2.12.Final.jar:/Users/bl44001/.m2/repository/io/quarkus/quarkus-resteasy-reactive-common/3.2.12.Final/quarkus-resteasy-reactive-common-3.2.12.Final.jar:/Users/bl44001/.m2/repository/io/quarkus/resteasy/reactive/resteasy-reactive-common/3.2.12.Final/resteasy-reactive-common-3.2.12.Final.jar:/Users/bl44001/.m2/repository/io/quarkus/resteasy/reactive/resteasy-reactive-common-types/3.2.12.Final/resteasy-reactive-common-types-3.2.12.Final.jar:/Users/bl44001/.m2/repository/org/reactivestreams/reactive-streams/1.0.4/reactive-streams-1.0.4.jar:/Users/bl44001/.m2/repository/io/quarkus/resteasy/reactive/resteasy-reactive-vertx/3.2.12.Final/resteasy-reactive-vertx-3.2.12.Final.jar:/Users/bl44001/.m2/repository/io/vertx/vertx-web/4.4.9/vertx-web-4.4.9.jar:/Users/bl44001/.m2/repository/io/vertx/vertx-web-common/4.4.9/vertx-web-common-4.4.9.jar:/Users/bl44001/.m2/repository/io/vertx/vertx-auth-common/4.4.9/vertx-auth-common-4.4.9.jar:/Users/bl44001/.m2/repository/io/vertx/vertx-bridge-common/4.4.9/vertx-bridge-common-4.4.9.jar:/Users/bl44001/.m2/repository/io/vertx/vertx-core/4.4.9/vertx-core-4.4.9.jar:/Users/bl44001/.m2/repository/io/netty/netty-common/4.1.108.Final/netty-common-4.1.108.Final.jar:/Users/bl44001/.m2/repository/io/netty/netty-handler-proxy/4.1.108.Final/netty-handler-proxy-4.1.108.Final.jar:/Users/bl44001/.m2/repository/io/netty/netty-codec-socks/4.1.108.Final/netty-codec-socks-4.1.108.Final.jar:/Users/bl44001/.m2/repository/io/netty/netty-resolver/4.1.108.Final/netty-resolver-4.1.108.Final.jar:/Users/bl44001/.m2/repository/io/netty/netty-resolver-dns/4.1.108.Final/netty-resolver-dns-4.1.108.Final.jar:/Users/bl44001/.m2/repository/io/netty/netty-codec-dns/4.1.108.Final/netty-codec-dns-4.1.108.Final.jar:/Users/bl44001/.m2/repository/io/smallrye/reactive/smallrye-mutiny-vertx-core/3.7.2/smallrye-mutiny-vertx-core-3.7.2.jar:/Users/bl44001/.m2/repository/io/smallrye/reactive/smallrye-mutiny-vertx-runtime/3.7.2/smallrye-mutiny-vertx-runtime-3.7.2.jar:/Users/bl44001/.m2/repository/io/smallrye/reactive/vertx-mutiny-generator/3.7.2/vertx-mutiny-generator-3.7.2.jar:/Users/bl44001/.m2/repository/io/vertx/vertx-codegen/4.4.9/vertx-codegen-4.4.9.jar:/Users/bl44001/.m2/repository/io/quarkus/resteasy/reactive/resteasy-reactive/3.2.12.Final/resteasy-reactive-3.2.12.Final.jar:/Users/bl44001/.m2/repository/jakarta/ws/rs/jakarta.ws.rs-api/3.1.0/jakarta.ws.rs-api-3.1.0.jar:/Users/bl44001/.m2/repository/org/jboss/logging/commons-logging-jboss-logging/1.0.0.Final/commons-logging-jboss-logging-1.0.0.Final.jar:/Users/bl44001/.m2/repository/jakarta/xml/bind/jakarta.xml.bind-api/4.0.0/jakarta.xml.bind-api-4.0.0.jar:/Users/bl44001/.m2/repository/jakarta/activation/jakarta.activation-api/2.1.2/jakarta.activation-api-2.1.2.jar:/Users/bl44001/.m2/repository/org/jboss/logging/jboss-logging/3.5.1.Final/jboss-logging-3.5.1.Final.jar:/Users/bl44001/.m2/repository/io/quarkus/quarkus-vertx-http/3.2.12.Final/quarkus-vertx-http-3.2.12.Final.jar:/Users/bl44001/.m2/repository/io/smallrye/common/smallrye-common-vertx-context/2.1.0/smallrye-common-vertx-context-2.1.0.jar:/Users/bl44001/.m2/repository/io/quarkus/quarkus-vertx-http-dev-console-runtime-spi/3.2.12.Final/quarkus-vertx-http-dev-console-runtime-spi-3.2.12.Final.jar:/Users/bl44001/.m2/repository/io/smallrye/reactive/smallrye-mutiny-vertx-web/3.7.2/smallrye-mutiny-vertx-web-3.7.2.jar:/Users/bl44001/.m2/repository/io/smallrye/reactive/smallrye-mutiny-vertx-web-common/3.7.2/smallrye-mutiny-vertx-web-common-3.7.2.jar:/Users/bl44001/.m2/repository/io/smallrye/reactive/smallrye-mutiny-vertx-auth-common/3.7.2/smallrye-mutiny-vertx-auth-common-3.7.2.jar:/Users/bl44001/.m2/repository/io/smallrye/reactive/smallrye-mutiny-vertx-bridge-common/3.7.2/smallrye-mutiny-vertx-bridge-common-3.7.2.jar:/Users/bl44001/.m2/repository/io/smallrye/reactive/smallrye-mutiny-vertx-uri-template/3.7.2/smallrye-mutiny-vertx-uri-template-3.7.2.jar:/Users/bl44001/.m2/repository/io/vertx/vertx-uri-template/4.4.9/vertx-uri-template-4.4.9.jar:/Users/bl44001/.m2/repository/io/github/crac/org-crac/0.1.3/org-crac-0.1.3.jar:/Users/bl44001/.m2/repository/io/quarkus/quarkus-jsonp/3.2.12.Final/quarkus-jsonp-3.2.12.Final.jar:/Users/bl44001/.m2/repository/org/eclipse/parsson/parsson/1.1.5/parsson-1.1.5.jar:/Users/bl44001/.m2/repository/io/quarkus/quarkus-resteasy-reactive-jackson/3.2.12.Final/quarkus-resteasy-reactive-jackson-3.2.12.Final.jar:/Users/bl44001/.m2/repository/io/quarkus/quarkus-resteasy-reactive-jackson-common/3.2.12.Final/quarkus-resteasy-reactive-jackson-common-3.2.12.Final.jar:/Users/bl44001/.m2/repository/io/quarkus/resteasy/reactive/resteasy-reactive-jackson/3.2.12.Final/resteasy-reactive-jackson-3.2.12.Final.jar:/Users/bl44001/.m2/repository/io/quarkus/quarkus-jackson/3.2.12.Final/quarkus-jackson-3.2.12.Final.jar:/Users/bl44001/.m2/repository/com/fasterxml/jackson/datatype/jackson-datatype-jsr310/2.15.2/jackson-datatype-jsr310-2.15.2.jar:/Users/bl44001/.m2/repository/com/fasterxml/jackson/datatype/jackson-datatype-jdk8/2.15.2/jackson-datatype-jdk8-2.15.2.jar:/Users/bl44001/.m2/repository/com/fasterxml/jackson/module/jackson-module-parameter-names/2.15.2/jackson-module-parameter-names-2.15.2.jar:/Users/bl44001/.m2/repository/io/quarkus/quarkus-smallrye-graphql/3.2.12.Final/quarkus-smallrye-graphql-3.2.12.Final.jar:/Users/bl44001/.m2/repository/io/quarkus/quarkus-core/3.2.12.Final/quarkus-core-3.2.12.Final.jar:/Users/bl44001/.m2/repository/jakarta/inject/jakarta.inject-api/2.0.1/jakarta.inject-api-2.0.1.jar:/Users/bl44001/.m2/repository/io/smallrye/common/smallrye-common-os/2.1.0/smallrye-common-os-2.1.0.jar:/Users/bl44001/.m2/repository/io/quarkus/quarkus-ide-launcher/3.2.12.Final/quarkus-ide-launcher-3.2.12.Final.jar:/Users/bl44001/.m2/repository/io/quarkus/quarkus-development-mode-spi/3.2.12.Final/quarkus-development-mode-spi-3.2.12.Final.jar:/Users/bl44001/.m2/repository/io/smallrye/config/smallrye-config/3.3.2/smallrye-config-3.3.2.jar:/Users/bl44001/.m2/repository/io/smallrye/config/smallrye-config-core/3.3.2/smallrye-config-core-3.3.2.jar:/Users/bl44001/.m2/repository/io/smallrye/common/smallrye-common-expression/2.1.0/smallrye-common-expression-2.1.0.jar:/Users/bl44001/.m2/repository/io/smallrye/common/smallrye-common-function/2.1.0/smallrye-common-function-2.1.0.jar:/Users/bl44001/.m2/repository/org/jboss/logmanager/jboss-logmanager-embedded/1.1.1/jboss-logmanager-embedded-1.1.1.jar:/Users/bl44001/.m2/repository/org/jboss/logging/jboss-logging-annotations/2.2.1.Final/jboss-logging-annotations-2.2.1.Final.jar:/Users/bl44001/.m2/repository/org/jboss/threads/jboss-threads/3.5.0.Final/jboss-threads-3.5.0.Final.jar:/Users/bl44001/.m2/repository/org/slf4j/slf4j-api/2.0.6/slf4j-api-2.0.6.jar:/Users/bl44001/.m2/repository/org/jboss/slf4j/slf4j-jboss-logmanager/2.0.0.Final/slf4j-jboss-logmanager-2.0.0.Final.jar:/Users/bl44001/.m2/repository/org/graalvm/sdk/graal-sdk/23.0.1/graal-sdk-23.0.1.jar:/Users/bl44001/.m2/repository/org/wildfly/common/wildfly-common/1.5.4.Final-format-001/wildfly-common-1.5.4.Final-format-001.jar:/Users/bl44001/.m2/repository/io/quarkus/quarkus-bootstrap-runner/3.2.12.Final/quarkus-bootstrap-runner-3.2.12.Final.jar:/Users/bl44001/.m2/repository/io/quarkus/quarkus-fs-util/0.0.9/quarkus-fs-util-0.0.9.jar:/Users/bl44001/.m2/repository/io/quarkus/quarkus-jsonb/3.2.12.Final/quarkus-jsonb-3.2.12.Final.jar:/Users/bl44001/.m2/repository/org/eclipse/yasson/3.0.3/yasson-3.0.3.jar:/Users/bl44001/.m2/repository/jakarta/json/bind/jakarta.json.bind-api/3.0.0/jakarta.json.bind-api-3.0.0.jar:/Users/bl44001/.m2/repository/io/smallrye/smallrye-graphql-schema-builder/2.2.3/smallrye-graphql-schema-builder-2.2.3.jar:/Users/bl44001/.m2/repository/io/smallrye/smallrye-graphql-schema-model/2.2.3/smallrye-graphql-schema-model-2.2.3.jar:/Users/bl44001/.m2/repository/io/smallrye/jandex/3.1.6/jandex-3.1.6.jar:/Users/bl44001/.m2/repository/io/smallrye/smallrye-graphql-cdi/2.2.3/smallrye-graphql-cdi-2.2.3.jar:/Users/bl44001/.m2/repository/io/smallrye/smallrye-graphql/2.2.3/smallrye-graphql-2.2.3.jar:/Users/bl44001/.m2/repository/io/smallrye/smallrye-graphql-api/2.2.3/smallrye-graphql-api-2.2.3.jar:/Users/bl44001/.m2/repository/org/eclipse/microprofile/graphql/microprofile-graphql-api/2.0/microprofile-graphql-api-2.0.jar:/Users/bl44001/.m2/repository/com/graphql-java/graphql-java/20.2/graphql-java-20.2.jar:/Users/bl44001/.m2/repository/com/graphql-java/java-dataloader/3.2.0/java-dataloader-3.2.0.jar:/Users/bl44001/.m2/repository/com/apollographql/federation/federation-graphql-java-support/2.1.1/federation-graphql-java-support-2.1.1.jar:/Users/bl44001/.m2/repository/com/apollographql/federation/federation-graphql-java-support-api/2.1.1/federation-graphql-java-support-api-2.1.1.jar:/Users/bl44001/.m2/repository/com/google/protobuf/protobuf-java/3.22.0/protobuf-java-3.22.0.jar:/Users/bl44001/.m2/repository/jakarta/json/jakarta.json-api/2.1.2/jakarta.json-api-2.1.2.jar:/Users/bl44001/.m2/repository/io/quarkus/quarkus-smallrye-context-propagation/3.2.12.Final/quarkus-smallrye-context-propagation-3.2.12.Final.jar:/Users/bl44001/.m2/repository/io/smallrye/smallrye-context-propagation/2.1.0/smallrye-context-propagation-2.1.0.jar:/Users/bl44001/.m2/repository/io/smallrye/smallrye-context-propagation-api/2.1.0/smallrye-context-propagation-api-2.1.0.jar:/Users/bl44001/.m2/repository/io/smallrye/smallrye-context-propagation-storage/2.1.0/smallrye-context-propagation-storage-2.1.0.jar:/Users/bl44001/.m2/repository/org/eclipse/microprofile/metrics/microprofile-metrics-api/4.0.1/microprofile-metrics-api-4.0.1.jar:/Users/bl44001/.m2/repository/io/quarkus/quarkus-hibernate-validator/3.2.12.Final/quarkus-hibernate-validator-3.2.12.Final.jar:/Users/bl44001/.m2/repository/org/hibernate/validator/hibernate-validator/8.0.1.Final/hibernate-validator-8.0.1.Final.jar:/Users/bl44001/.m2/repository/jakarta/validation/jakarta.validation-api/3.0.2/jakarta.validation-api-3.0.2.jar:/Users/bl44001/.m2/repository/com/fasterxml/classmate/1.5.1/classmate-1.5.1.jar:/Users/bl44001/.m2/repository/org/glassfish/expressly/expressly/5.0.0/expressly-5.0.0.jar:/Users/bl44001/.m2/repository/io/smallrye/config/smallrye-config-validator/3.3.2/smallrye-config-validator-3.3.2.jar:/Users/bl44001/.m2/repository/io/quarkus/quarkus-oidc/3.2.12.Final/quarkus-oidc-3.2.12.Final.jar:/Users/bl44001/.m2/repository/io/quarkus/quarkus-vertx/3.2.12.Final/quarkus-vertx-3.2.12.Final.jar:/Users/bl44001/.m2/repository/io/quarkus/quarkus-netty/3.2.12.Final/quarkus-netty-3.2.12.Final.jar:/Users/bl44001/.m2/repository/io/netty/netty-codec/4.1.108.Final/netty-codec-4.1.108.Final.jar:/Users/bl44001/.m2/repository/io/netty/netty-codec-http/4.1.108.Final/netty-codec-http-4.1.108.Final.jar:/Users/bl44001/.m2/repository/io/netty/netty-codec-http2/4.1.108.Final/netty-codec-http2-4.1.108.Final.jar:/Users/bl44001/.m2/repository/io/netty/netty-handler/4.1.108.Final/netty-handler-4.1.108.Final.jar:/Users/bl44001/.m2/repository/io/netty/netty-transport-native-unix-common/4.1.108.Final/netty-transport-native-unix-common-4.1.108.Final.jar:/Users/bl44001/.m2/repository/com/aayushatharva/brotli4j/brotli4j/1.12.0/brotli4j-1.12.0.jar:/Users/bl44001/.m2/repository/com/aayushatharva/brotli4j/service/1.12.0/service-1.12.0.jar:/Users/bl44001/.m2/repository/com/aayushatharva/brotli4j/native-osx-x86_64/1.12.0/native-osx-x86_64-1.12.0.jar:/Users/bl44001/.m2/repository/io/netty/netty-codec-haproxy/4.1.108.Final/netty-codec-haproxy-4.1.108.Final.jar:/Users/bl44001/.m2/repository/io/netty/netty-buffer/4.1.108.Final/netty-buffer-4.1.108.Final.jar:/Users/bl44001/.m2/repository/io/netty/netty-transport/4.1.108.Final/netty-transport-4.1.108.Final.jar:/Users/bl44001/.m2/repository/io/smallrye/common/smallrye-common-annotation/2.1.0/smallrye-common-annotation-2.1.0.jar:/Users/bl44001/.m2/repository/io/quarkus/quarkus-vertx-latebound-mdc-provider/3.2.12.Final/quarkus-vertx-latebound-mdc-provider-3.2.12.Final.jar:/Users/bl44001/.m2/repository/io/smallrye/smallrye-fault-tolerance-vertx/6.2.6/smallrye-fault-tolerance-vertx-6.2.6.jar:/Users/bl44001/.m2/repository/io/quarkus/quarkus-oidc-common/3.2.12.Final/quarkus-oidc-common-3.2.12.Final.jar:/Users/bl44001/.m2/repository/io/smallrye/reactive/smallrye-mutiny-vertx-web-client/3.7.2/smallrye-mutiny-vertx-web-client-3.7.2.jar:/Users/bl44001/.m2/repository/io/vertx/vertx-web-client/4.4.9/vertx-web-client-4.4.9.jar:/Users/bl44001/.m2/repository/io/quarkus/quarkus-smallrye-jwt-build/3.2.12.Final/quarkus-smallrye-jwt-build-3.2.12.Final.jar:/Users/bl44001/.m2/repository/io/smallrye/smallrye-jwt-build/4.4.0/smallrye-jwt-build-4.4.0.jar:/Users/bl44001/.m2/repository/io/smallrye/smallrye-jwt/4.4.0/smallrye-jwt-4.4.0.jar:/Users/bl44001/.m2/repository/org/eclipse/microprofile/jwt/microprofile-jwt-auth-api/2.1/microprofile-jwt-auth-api-2.1.jar:/Users/bl44001/.m2/repository/org/bitbucket/b_c/jose4j/0.9.6/jose4j-0.9.6.jar:/Users/bl44001/.m2/repository/io/smallrye/smallrye-jwt-common/4.4.0/smallrye-jwt-common-4.4.0.jar:/Users/bl44001/.m2/repository/jakarta/annotation/jakarta.annotation-api/2.1.1/jakarta.annotation-api-2.1.1.jar:/Users/bl44001/.m2/repository/io/quarkus/quarkus-security/3.2.12.Final/quarkus-security-3.2.12.Final.jar:/Users/bl44001/.m2/repository/io/quarkus/quarkus-security-runtime-spi/3.2.12.Final/quarkus-security-runtime-spi-3.2.12.Final.jar:/Users/bl44001/.m2/repository/jakarta/interceptor/jakarta.interceptor-api/2.1.0/jakarta.interceptor-api-2.1.0.jar:/Users/bl44001/.m2/repository/io/quarkus/security/quarkus-security/2.0.2.Final/quarkus-security-2.0.2.Final.jar:/Users/bl44001/.m2/repository/io/smallrye/reactive/mutiny/2.3.1/mutiny-2.3.1.jar:/Users/bl44001/.m2/repository/jakarta/enterprise/jakarta.enterprise.cdi-api/4.0.1/jakarta.enterprise.cdi-api-4.0.1.jar:/Users/bl44001/.m2/repository/jakarta/enterprise/jakarta.enterprise.lang-model/4.0.1/jakarta.enterprise.lang-model-4.0.1.jar:/Users/bl44001/.m2/repository/jakarta/el/jakarta.el-api/5.0.1/jakarta.el-api-5.0.1.jar:/Users/bl44001/.m2/repository/io/quarkus/quarkus-arc/3.2.12.Final/quarkus-arc-3.2.12.Final.jar:/Users/bl44001/.m2/repository/io/quarkus/arc/arc/3.2.12.Final/arc-3.2.12.Final.jar:/Users/bl44001/.m2/repository/jakarta/transaction/jakarta.transaction-api/2.0.1/jakarta.transaction-api-2.0.1.jar:/Users/bl44001/.m2/repository/org/eclipse/microprofile/context-propagation/microprofile-context-propagation-api/1.3/microprofile-context-propagation-api-1.3.jar:/Users/bl44001/.m2/repository/io/quarkus/quarkus-config-yaml/3.2.12.Final/quarkus-config-yaml-3.2.12.Final.jar:/Users/bl44001/.m2/repository/io/smallrye/config/smallrye-config-source-yaml/3.3.2/smallrye-config-source-yaml-3.3.2.jar:/Users/bl44001/.m2/repository/org/yaml/snakeyaml/2.0/snakeyaml-2.0.jar:/Users/bl44001/.m2/repository/io/smallrye/config/smallrye-config-common/3.3.2/smallrye-config-common-3.3.2.jar:/Users/bl44001/.m2/repository/io/smallrye/common/smallrye-common-classloader/2.1.0/smallrye-common-classloader-2.1.0.jar:/Users/bl44001/.m2/repository/io/smallrye/common/smallrye-common-constraint/2.1.0/smallrye-common-constraint-2.1.0.jar:/Users/bl44001/.m2/repository/org/eclipse/microprofile/config/microprofile-config-api/3.0.3/microprofile-config-api-3.0.3.jar:/Users/bl44001/.m2/repository/io/quarkus/quarkus-info/3.2.12.Final/quarkus-info-3.2.12.Final.jar:/Users/bl44001/.m2/repository/io/quarkus/quarkus-info-runtime-spi/3.2.12.Final/quarkus-info-runtime-spi-3.2.12.Final.jar:/Users/bl44001/.m2/repository/io/quarkus/quarkus-hibernate-orm-panache/3.2.12.Final/quarkus-hibernate-orm-panache-3.2.12.Final.jar:/Users/bl44001/.m2/repository/io/quarkus/quarkus-hibernate-orm/3.2.12.Final/quarkus-hibernate-orm-3.2.12.Final.jar:/Users/bl44001/.m2/repository/org/hibernate/orm/hibernate-core/6.2.18.Final/hibernate-core-6.2.18.Final.jar:/Users/bl44001/.m2/repository/org/antlr/antlr4-runtime/4.10.1/antlr4-runtime-4.10.1.jar:/Users/bl44001/.m2/repository/org/hibernate/common/hibernate-commons-annotations/6.0.6.Final/hibernate-commons-annotations-6.0.6.Final.jar:/Users/bl44001/.m2/repository/org/hibernate/orm/hibernate-graalvm/6.2.18.Final/hibernate-graalvm-6.2.18.Final.jar:/Users/bl44001/.m2/repository/org/glassfish/jaxb/jaxb-runtime/4.0.3/jaxb-runtime-4.0.3.jar:/Users/bl44001/.m2/repository/org/glassfish/jaxb/jaxb-core/4.0.3/jaxb-core-4.0.3.jar:/Users/bl44001/.m2/repository/org/eclipse/angus/angus-activation/2.0.1/angus-activation-2.0.1.jar:/Users/bl44001/.m2/repository/org/glassfish/jaxb/txw2/4.0.3/txw2-4.0.3.jar:/Users/bl44001/.m2/repository/com/sun/istack/istack-commons-runtime/4.1.2/istack-commons-runtime-4.1.2.jar:/Users/bl44001/.m2/repository/jakarta/persistence/jakarta.persistence-api/3.1.0/jakarta.persistence-api-3.1.0.jar:/Users/bl44001/.m2/repository/org/hibernate/quarkus-local-cache/0.2.1/quarkus-local-cache-0.2.1.jar:/Users/bl44001/.m2/repository/io/quarkus/quarkus-caffeine/3.2.12.Final/quarkus-caffeine-3.2.12.Final.jar:/Users/bl44001/.m2/repository/com/github/ben-manes/caffeine/caffeine/3.1.5/caffeine-3.1.5.jar:/Users/bl44001/.m2/repository/com/google/errorprone/error_prone_annotations/2.19.1/error_prone_annotations-2.19.1.jar:/Users/bl44001/.m2/repository/io/quarkus/quarkus-hibernate-orm-panache-common/3.2.12.Final/quarkus-hibernate-orm-panache-common-3.2.12.Final.jar:/Users/bl44001/.m2/repository/io/quarkus/quarkus-panache-hibernate-common/3.2.12.Final/quarkus-panache-hibernate-common-3.2.12.Final.jar:/Users/bl44001/.m2/repository/io/quarkus/quarkus-panache-common/3.2.12.Final/quarkus-panache-common-3.2.12.Final.jar:/Users/bl44001/.m2/repository/io/quarkus/quarkus-jdbc-postgresql/3.2.12.Final/quarkus-jdbc-postgresql-3.2.12.Final.jar:/Users/bl44001/.m2/repository/org/postgresql/postgresql/42.6.1/postgresql-42.6.1.jar:/Users/bl44001/.m2/repository/io/quarkus/quarkus-jdbc-h2/3.2.12.Final/quarkus-jdbc-h2-3.2.12.Final.jar:/Users/bl44001/.m2/repository/com/h2database/h2/2.2.220/h2-2.2.220.jar:/Users/bl44001/.m2/repository/org/locationtech/jts/jts-core/1.17.0/jts-core-1.17.0.jar:/Users/bl44001/.m2/repository/io/quarkus/quarkus-agroal/3.2.12.Final/quarkus-agroal-3.2.12.Final.jar:/Users/bl44001/.m2/repository/io/quarkus/quarkus-datasource/3.2.12.Final/quarkus-datasource-3.2.12.Final.jar:/Users/bl44001/.m2/repository/io/quarkus/quarkus-narayana-jta/3.2.12.Final/quarkus-narayana-jta-3.2.12.Final.jar:/Users/bl44001/.m2/repository/io/quarkus/quarkus-transaction-annotations/3.2.12.Final/quarkus-transaction-annotations-3.2.12.Final.jar:/Users/bl44001/.m2/repository/io/smallrye/smallrye-context-propagation-jta/2.1.0/smallrye-context-propagation-jta-2.1.0.jar:/Users/bl44001/.m2/repository/io/smallrye/reactive/smallrye-reactive-converter-api/3.0.1/smallrye-reactive-converter-api-3.0.1.jar:/Users/bl44001/.m2/repository/io/smallrye/reactive/smallrye-reactive-converter-mutiny/3.0.1/smallrye-reactive-converter-mutiny-3.0.1.jar:/Users/bl44001/.m2/repository/io/smallrye/reactive/mutiny-zero-flow-adapters/1.0.0/mutiny-zero-flow-adapters-1.0.0.jar:/Users/bl44001/.m2/repository/org/jboss/narayana/jta/narayana-jta/6.0.1.Final/narayana-jta-6.0.1.Final.jar:/Users/bl44001/.m2/repository/jakarta/resource/jakarta.resource-api/2.1.0/jakarta.resource-api-2.1.0.jar:/Users/bl44001/.m2/repository/org/jboss/invocation/jboss-invocation/2.0.0.Final/jboss-invocation-2.0.0.Final.jar:/Users/bl44001/.m2/repository/jakarta/ejb/jakarta.ejb-api/4.0.1/jakarta.ejb-api-4.0.1.jar:/Users/bl44001/.m2/repository/org/eclipse/microprofile/reactive-streams-operators/microprofile-reactive-streams-operators-api/3.0/microprofile-reactive-streams-operators-api-3.0.jar:/Users/bl44001/.m2/repository/org/jboss/narayana/jts/narayana-jts-integration/6.0.1.Final/narayana-jts-integration-6.0.1.Final.jar:/Users/bl44001/.m2/repository/io/agroal/agroal-api/2.1/agroal-api-2.1.jar:/Users/bl44001/.m2/repository/io/agroal/agroal-narayana/2.1/agroal-narayana-2.1.jar:/Users/bl44001/.m2/repository/org/jboss/jboss-transaction-spi/8.0.0.Final/jboss-transaction-spi-8.0.0.Final.jar:/Users/bl44001/.m2/repository/io/agroal/agroal-pool/2.1/agroal-pool-2.1.jar:/Users/bl44001/.m2/repository/io/quarkus/quarkus-credentials/3.2.12.Final/quarkus-credentials-3.2.12.Final.jar:/Users/bl44001/.m2/repository/io/quarkus/quarkus-flyway/3.2.12.Final/quarkus-flyway-3.2.12.Final.jar:/Users/bl44001/.m2/repository/org/flywaydb/flyway-core/9.17.0/flyway-core-9.17.0.jar:/Users/bl44001/.m2/repository/com/fasterxml/jackson/dataformat/jackson-dataformat-toml/2.15.2/jackson-dataformat-toml-2.15.2.jar:/Users/bl44001/.m2/repository/org/apache/commons/commons-text/1.10.0/commons-text-1.10.0.jar:/Users/bl44001/.m2/repository/com/google/code/gson/gson/2.10.1/gson-2.10.1.jar:/Users/bl44001/.m2/repository/io/quarkus/quarkus-datasource-common/3.2.12.Final/quarkus-datasource-common-3.2.12.Final.jar:/Users/bl44001/.m2/repository/com/amazonaws/aws-java-sdk-s3/1.12.788/aws-java-sdk-s3-1.12.788.jar:/Users/bl44001/.m2/repository/com/amazonaws/aws-java-sdk-kms/1.12.788/aws-java-sdk-kms-1.12.788.jar:/Users/bl44001/.m2/repository/com/amazonaws/aws-java-sdk-core/1.12.788/aws-java-sdk-core-1.12.788.jar:/Users/bl44001/.m2/repository/commons-logging/commons-logging/1.1.3/commons-logging-1.1.3.jar:/Users/bl44001/.m2/repository/commons-codec/commons-codec/1.16.0/commons-codec-1.16.0.jar:/Users/bl44001/.m2/repository/com/fasterxml/jackson/core/jackson-databind/2.15.2/jackson-databind-2.15.2.jar:/Users/bl44001/.m2/repository/com/fasterxml/jackson/core/jackson-annotations/2.15.2/jackson-annotations-2.15.2.jar:/Users/bl44001/.m2/repository/com/fasterxml/jackson/dataformat/jackson-dataformat-cbor/2.15.2/jackson-dataformat-cbor-2.15.2.jar:/Users/bl44001/.m2/repository/joda-time/joda-time/2.12.7/joda-time-2.12.7.jar:/Users/bl44001/.m2/repository/com/amazonaws/jmespath-java/1.12.788/jmespath-java-1.12.788.jar:/Users/bl44001/.m2/repository/io/quarkus/quarkus-smallrye-openapi/3.2.12.Final/quarkus-smallrye-openapi-3.2.12.Final.jar:/Users/bl44001/.m2/repository/io/smallrye/smallrye-open-api-core/3.4.0/smallrye-open-api-core-3.4.0.jar:/Users/bl44001/.m2/repository/org/eclipse/microprofile/openapi/microprofile-openapi-api/3.1.1/microprofile-openapi-api-3.1.1.jar:/Users/bl44001/.m2/repository/com/fasterxml/jackson/core/jackson-core/2.15.2/jackson-core-2.15.2.jar:/Users/bl44001/.m2/repository/com/fasterxml/jackson/dataformat/jackson-dataformat-yaml/2.15.2/jackson-dataformat-yaml-2.15.2.jar:/Users/bl44001/.m2/repository/io/quarkus/quarkus-swagger-ui/3.2.12.Final/quarkus-swagger-ui-3.2.12.Final.jar:/Users/bl44001/.m2/repository/org/projectlombok/lombok/1.18.30/lombok-1.18.30.jar:/Users/bl44001/.m2/repository/io/quarkus/quarkus-junit5/3.2.12.Final/quarkus-junit5-3.2.12.Final.jar:/Users/bl44001/.m2/repository/io/quarkus/quarkus-bootstrap-core/3.2.12.Final/quarkus-bootstrap-core-3.2.12.Final.jar:/Users/bl44001/.m2/repository/io/quarkus/quarkus-bootstrap-app-model/3.2.12.Final/quarkus-bootstrap-app-model-3.2.12.Final.jar:/Users/bl44001/.m2/repository/io/smallrye/common/smallrye-common-io/2.1.0/smallrye-common-io-2.1.0.jar:/Users/bl44001/.m2/repository/org/eclipse/sisu/org.eclipse.sisu.inject/0.3.5/org.eclipse.sisu.inject-0.3.5.jar:/Users/bl44001/.m2/repository/io/quarkus/quarkus-test-common/3.2.12.Final/quarkus-test-common-3.2.12.Final.jar:/Users/bl44001/.m2/repository/io/quarkus/quarkus-core-deployment/3.2.12.Final/quarkus-core-deployment-3.2.12.Final.jar:/Users/bl44001/.m2/repository/org/aesh/readline/2.4/readline-2.4.jar:/Users/bl44001/.m2/repository/org/fusesource/jansi/jansi/2.4.0/jansi-2.4.0.jar:/Users/bl44001/.m2/repository/org/aesh/aesh/2.7/aesh-2.7.jar:/Users/bl44001/.m2/repository/io/quarkus/gizmo/gizmo/1.6.1.Final/gizmo-1.6.1.Final.jar:/Users/bl44001/.m2/repository/org/ow2/asm/asm-util/9.5/asm-util-9.5.jar:/Users/bl44001/.m2/repository/org/ow2/asm/asm-analysis/9.5/asm-analysis-9.5.jar:/Users/bl44001/.m2/repository/org/ow2/asm/asm/9.5/asm-9.5.jar:/Users/bl44001/.m2/repository/org/ow2/asm/asm-commons/9.5/asm-commons-9.5.jar:/Users/bl44001/.m2/repository/org/ow2/asm/asm-tree/9.5/asm-tree-9.5.jar:/Users/bl44001/.m2/repository/io/quarkus/quarkus-class-change-agent/3.2.12.Final/quarkus-class-change-agent-3.2.12.Final.jar:/Users/bl44001/.m2/repository/io/quarkus/quarkus-devtools-utilities/3.2.12.Final/quarkus-devtools-utilities-3.2.12.Final.jar:/Users/bl44001/.m2/repository/io/quarkus/quarkus-builder/3.2.12.Final/quarkus-builder-3.2.12.Final.jar:/Users/bl44001/.m2/repository/org/junit/platform/junit-platform-launcher/1.9.3/junit-platform-launcher-1.9.3.jar:/Users/bl44001/.m2/repository/io/quarkus/quarkus-bootstrap-maven-resolver/3.2.12.Final/quarkus-bootstrap-maven-resolver-3.2.12.Final.jar:/Users/bl44001/.m2/repository/io/smallrye/beanbag/smallrye-beanbag-maven/1.3.2/smallrye-beanbag-maven-1.3.2.jar:/Users/bl44001/.m2/repository/io/smallrye/beanbag/smallrye-beanbag-sisu/1.3.2/smallrye-beanbag-sisu-1.3.2.jar:/Users/bl44001/.m2/repository/io/smallrye/beanbag/smallrye-beanbag/1.3.2/smallrye-beanbag-1.3.2.jar:/Users/bl44001/.m2/repository/javax/inject/javax.inject/1/javax.inject-1.jar:/Users/bl44001/.m2/repository/org/apache/maven/maven-artifact/3.9.3/maven-artifact-3.9.3.jar:/Users/bl44001/.m2/repository/org/apache/maven/maven-builder-support/3.9.3/maven-builder-support-3.9.3.jar:/Users/bl44001/.m2/repository/org/apache/maven/maven-model/3.9.3/maven-model-3.9.3.jar:/Users/bl44001/.m2/repository/org/apache/maven/maven-model-builder/3.9.3/maven-model-builder-3.9.3.jar:/Users/bl44001/.m2/repository/org/apache/maven/maven-repository-metadata/3.9.3/maven-repository-metadata-3.9.3.jar:/Users/bl44001/.m2/repository/org/apache/maven/maven-settings/3.9.3/maven-settings-3.9.3.jar:/Users/bl44001/.m2/repository/org/apache/maven/resolver/maven-resolver-api/1.9.13/maven-resolver-api-1.9.13.jar:/Users/bl44001/.m2/repository/org/apache/maven/resolver/maven-resolver-impl/1.9.13/maven-resolver-impl-1.9.13.jar:/Users/bl44001/.m2/repository/org/apache/maven/resolver/maven-resolver-named-locks/1.9.13/maven-resolver-named-locks-1.9.13.jar:/Users/bl44001/.m2/repository/org/apache/maven/resolver/maven-resolver-spi/1.9.13/maven-resolver-spi-1.9.13.jar:/Users/bl44001/.m2/repository/org/apache/maven/resolver/maven-resolver-util/1.9.13/maven-resolver-util-1.9.13.jar:/Users/bl44001/.m2/repository/org/apache/maven/resolver/maven-resolver-transport-http/1.9.10/maven-resolver-transport-http-1.9.10.jar:/Users/bl44001/.m2/repository/org/apache/maven/wagon/wagon-provider-api/3.5.3/wagon-provider-api-3.5.3.jar:/Users/bl44001/.m2/repository/org/apache/maven/wagon/wagon-http-shared/3.5.3/wagon-http-shared-3.5.3.jar:/Users/bl44001/.m2/repository/org/codehaus/plexus/plexus-interpolation/1.26/plexus-interpolation-1.26.jar:/Users/bl44001/.m2/repository/org/codehaus/plexus/plexus-utils/3.5.1/plexus-utils-3.5.1.jar:/Users/bl44001/.m2/repository/org/codehaus/plexus/plexus-xml/4.0.0/plexus-xml-4.0.0.jar:/Users/bl44001/.m2/repository/org/apache/maven/maven-xml-impl/4.0.0-alpha-5/maven-xml-impl-4.0.0-alpha-5.jar:/Users/bl44001/.m2/repository/org/apache/maven/maven-api-xml/4.0.0-alpha-5/maven-api-xml-4.0.0-alpha-5.jar:/Users/bl44001/.m2/repository/org/apache/maven/maven-api-meta/4.0.0-alpha-5/maven-api-meta-4.0.0-alpha-5.jar:/Users/bl44001/.m2/repository/org/codehaus/plexus/plexus-cipher/2.0/plexus-cipher-2.0.jar:/Users/bl44001/.m2/repository/org/codehaus/plexus/plexus-sec-dispatcher/2.0/plexus-sec-dispatcher-2.0.jar:/Users/bl44001/.m2/repository/org/apache/maven/maven-embedder/3.9.3/maven-embedder-3.9.3.jar:/Users/bl44001/.m2/repository/org/apache/maven/maven-core/3.9.3/maven-core-3.9.3.jar:/Users/bl44001/.m2/repository/org/codehaus/plexus/plexus-component-annotations/2.1.0/plexus-component-annotations-2.1.0.jar:/Users/bl44001/.m2/repository/org/apache/maven/maven-plugin-api/3.9.3/maven-plugin-api-3.9.3.jar:/Users/bl44001/.m2/repository/org/apache/maven/shared/maven-shared-utils/3.3.4/maven-shared-utils-3.3.4.jar:/Users/bl44001/.m2/repository/com/google/inject/guice/5.1.0/guice-5.1.0.jar:/Users/bl44001/.m2/repository/aopalliance/aopalliance/1.0/aopalliance-1.0.jar:/Users/bl44001/.m2/repository/com/google/guava/guava/32.0.0-jre/guava-32.0.0-jre.jar:/Users/bl44001/.m2/repository/com/google/guava/failureaccess/1.0.1/failureaccess-1.0.1.jar:/Users/bl44001/.m2/repository/javax/annotation/javax.annotation-api/1.3.2/javax.annotation-api-1.3.2.jar:/Users/bl44001/.m2/repository/org/codehaus/plexus/plexus-classworlds/2.6.0/plexus-classworlds-2.6.0.jar:/Users/bl44001/.m2/repository/commons-cli/commons-cli/1.5.0/commons-cli-1.5.0.jar:/Users/bl44001/.m2/repository/org/eclipse/sisu/org.eclipse.sisu.plexus/0.3.5/org.eclipse.sisu.plexus-0.3.5.jar:/Users/bl44001/.m2/repository/org/apache/maven/maven-settings-builder/3.9.3/maven-settings-builder-3.9.3.jar:/Users/bl44001/.m2/repository/org/apache/maven/maven-resolver-provider/3.9.3/maven-resolver-provider-3.9.3.jar:/Users/bl44001/.m2/repository/org/apache/maven/resolver/maven-resolver-connector-basic/1.9.13/maven-resolver-connector-basic-1.9.13.jar:/Users/bl44001/.m2/repository/org/apache/maven/resolver/maven-resolver-transport-wagon/1.9.13/maven-resolver-transport-wagon-1.9.13.jar:/Users/bl44001/.m2/repository/org/apache/maven/wagon/wagon-http/3.5.3/wagon-http-3.5.3.jar:/Users/bl44001/.m2/repository/org/apache/maven/wagon/wagon-file/3.5.3/wagon-file-3.5.3.jar:/Users/bl44001/.m2/repository/io/quarkus/quarkus-bootstrap-gradle-resolver/3.2.12.Final/quarkus-bootstrap-gradle-resolver-3.2.12.Final.jar:/Users/bl44001/.m2/repository/commons-io/commons-io/2.13.0/commons-io-2.13.0.jar:/Users/bl44001/.m2/repository/io/quarkus/quarkus-junit5-properties/3.2.12.Final/quarkus-junit5-properties-3.2.12.Final.jar:/Users/bl44001/.m2/repository/org/junit/jupiter/junit-jupiter/5.9.3/junit-jupiter-5.9.3.jar:/Users/bl44001/.m2/repository/org/junit/jupiter/junit-jupiter-params/5.9.3/junit-jupiter-params-5.9.3.jar:/Users/bl44001/.m2/repository/org/junit/jupiter/junit-jupiter-engine/5.9.3/junit-jupiter-engine-5.9.3.jar:/Users/bl44001/.m2/repository/org/junit/platform/junit-platform-engine/1.9.3/junit-platform-engine-1.9.3.jar:/Users/bl44001/.m2/repository/com/thoughtworks/xstream/xstream/1.4.20/xstream-1.4.20.jar:/Users/bl44001/.m2/repository/io/github/x-stream/mxparser/1.2.2/mxparser-1.2.2.jar:/Users/bl44001/.m2/repository/xmlpull/xmlpull/1.1.3.1/xmlpull-1.1.3.1.jar:/Users/bl44001/.m2/repository/io/rest-assured/rest-assured/5.3.0/rest-assured-5.3.0.jar:/Users/bl44001/.m2/repository/org/apache/groovy/groovy/4.0.6/groovy-4.0.6.jar:/Users/bl44001/.m2/repository/org/apache/groovy/groovy-xml/4.0.6/groovy-xml-4.0.6.jar:/Users/bl44001/.m2/repository/org/apache/httpcomponents/httpclient/4.5.14/httpclient-4.5.14.jar:/Users/bl44001/.m2/repository/org/apache/httpcomponents/httpcore/4.4.16/httpcore-4.4.16.jar:/Users/bl44001/.m2/repository/org/apache/httpcomponents/httpmime/4.5.14/httpmime-4.5.14.jar:/Users/bl44001/.m2/repository/org/hamcrest/hamcrest/2.1/hamcrest-2.1.jar:/Users/bl44001/.m2/repository/org/ccil/cowan/tagsoup/tagsoup/1.2.1/tagsoup-1.2.1.jar:/Users/bl44001/.m2/repository/io/rest-assured/json-path/5.3.0/json-path-5.3.0.jar:/Users/bl44001/.m2/repository/org/apache/groovy/groovy-json/4.0.6/groovy-json-4.0.6.jar:/Users/bl44001/.m2/repository/io/rest-assured/rest-assured-common/5.3.0/rest-assured-common-5.3.0.jar:/Users/bl44001/.m2/repository/io/rest-assured/xml-path/5.3.0/xml-path-5.3.0.jar:/Users/bl44001/.m2/repository/org/apache/commons/commons-lang3/3.12.0/commons-lang3-3.12.0.jar:/Users/bl44001/.m2/repository/io/quarkus/quarkus-junit5-mockito/3.2.12.Final/quarkus-junit5-mockito-3.2.12.Final.jar:/Users/bl44001/.m2/repository/io/quarkus/quarkus-junit5-mockito-config/3.2.12.Final/quarkus-junit5-mockito-config-3.2.12.Final.jar:/Users/bl44001/.m2/repository/io/quarkus/quarkus-arc-deployment/3.2.12.Final/quarkus-arc-deployment-3.2.12.Final.jar:/Users/bl44001/.m2/repository/io/quarkus/quarkus-smallrye-context-propagation-spi/3.2.12.Final/quarkus-smallrye-context-propagation-spi-3.2.12.Final.jar:/Users/bl44001/.m2/repository/io/quarkus/quarkus-vertx-http-dev-console-spi/3.2.12.Final/quarkus-vertx-http-dev-console-spi-3.2.12.Final.jar:/Users/bl44001/.m2/repository/io/quarkus/quarkus-vertx-http-dev-ui-spi/3.2.12.Final/quarkus-vertx-http-dev-ui-spi-3.2.12.Final.jar:/Users/bl44001/.m2/repository/io/quarkus/arc/arc-processor/3.2.12.Final/arc-processor-3.2.12.Final.jar:/Users/bl44001/.m2/repository/org/mockito/mockito-subclass/5.3.1/mockito-subclass-5.3.1.jar:/Users/bl44001/.m2/repository/io/quarkus/quarkus-mutiny/3.2.12.Final/quarkus-mutiny-3.2.12.Final.jar:/Users/bl44001/.m2/repository/io/smallrye/reactive/mutiny-smallrye-context-propagation/2.3.1/mutiny-smallrye-context-propagation-2.3.1.jar:/Users/bl44001/.m2/repository/org/mockito/mockito-core/5.3.1/mockito-core-5.3.1.jar:/Users/bl44001/.m2/repository/net/bytebuddy/byte-buddy/1.14.7/byte-buddy-1.14.7.jar:/Users/bl44001/.m2/repository/net/bytebuddy/byte-buddy-agent/1.14.4/byte-buddy-agent-1.14.4.jar:/Users/bl44001/.m2/repository/org/objenesis/objenesis/3.3/objenesis-3.3.jar:/Users/bl44001/.m2/repository/org/mockito/mockito-junit-jupiter/5.3.1/mockito-junit-jupiter-5.3.1.jar:/Users/bl44001/.m2/repository/org/junit/jupiter/junit-jupiter-api/5.9.3/junit-jupiter-api-5.9.3.jar:/Users/bl44001/.m2/repository/org/opentest4j/opentest4j/1.2.0/opentest4j-1.2.0.jar:/Users/bl44001/.m2/repository/org/junit/platform/junit-platform-commons/1.9.3/junit-platform-commons-1.9.3.jar:/Users/bl44001/.m2/repository/org/apiguardian/apiguardian-api/1.1.2/apiguardian-api-1.1.2.jar:"/>
    <property name="https.proxyPort" value="7890"/>
    <property name="java.vm.vendor" value="Homebrew"/>
    <property name="sun.arch.data.model" value="64"/>
    <property name="java.vendor.url" value="https://github.com/Homebrew/homebrew-core/issues"/>
    <property name="user.timezone" value="Asia/Shanghai"/>
    <property name="os.name" value="Mac OS X"/>
    <property name="java.vm.specification.version" value="17"/>
    <property name="sun.java.launcher" value="SUN_STANDARD"/>
    <property name="user.country" value="US"/>
    <property name="sun.boot.library.path" value="/usr/local/Cellar/openjdk@17/17.0.16/libexec/openjdk.jdk/Contents/Home/lib"/>
    <property name="sun.java.command" value="/Users/bl44001/repo/gdp-dataserving-quarkus/server/target/surefire/surefirebooter-20250820090630588_3.jar /Users/bl44001/repo/gdp-dataserving-quarkus/server/target/surefire 2025-08-20T09-06-30_481-jvmRun1 surefire-20250820090630588_1tmp surefire_0-20250820090630588_2tmp"/>
    <property name="http.nonProxyHosts" value="192.168.0.0/16|*.192.168.0.0/16|10.0.0.0/8|*.10.0.0.0/8|172.16.0.0/12|*.172.16.0.0/12|127.0.0.1|localhost|*.localhost|local|*.local|timestamp.apple.com|*.timestamp.apple.com"/>
    <property name="jdk.debug" value="release"/>
    <property name="test" value="S3ServiceTest,S3ResourceTest"/>
    <property name="surefire.test.class.path" value="/Users/bl44001/repo/gdp-dataserving-quarkus/server/target/test-classes:/Users/bl44001/repo/gdp-dataserving-quarkus/server/target/classes:/Users/bl44001/.m2/repository/io/quarkus/quarkus-resteasy-reactive/3.2.12.Final/quarkus-resteasy-reactive-3.2.12.Final.jar:/Users/bl44001/.m2/repository/io/quarkus/quarkus-resteasy-reactive-common/3.2.12.Final/quarkus-resteasy-reactive-common-3.2.12.Final.jar:/Users/bl44001/.m2/repository/io/quarkus/resteasy/reactive/resteasy-reactive-common/3.2.12.Final/resteasy-reactive-common-3.2.12.Final.jar:/Users/bl44001/.m2/repository/io/quarkus/resteasy/reactive/resteasy-reactive-common-types/3.2.12.Final/resteasy-reactive-common-types-3.2.12.Final.jar:/Users/bl44001/.m2/repository/org/reactivestreams/reactive-streams/1.0.4/reactive-streams-1.0.4.jar:/Users/bl44001/.m2/repository/io/quarkus/resteasy/reactive/resteasy-reactive-vertx/3.2.12.Final/resteasy-reactive-vertx-3.2.12.Final.jar:/Users/bl44001/.m2/repository/io/vertx/vertx-web/4.4.9/vertx-web-4.4.9.jar:/Users/bl44001/.m2/repository/io/vertx/vertx-web-common/4.4.9/vertx-web-common-4.4.9.jar:/Users/bl44001/.m2/repository/io/vertx/vertx-auth-common/4.4.9/vertx-auth-common-4.4.9.jar:/Users/bl44001/.m2/repository/io/vertx/vertx-bridge-common/4.4.9/vertx-bridge-common-4.4.9.jar:/Users/bl44001/.m2/repository/io/vertx/vertx-core/4.4.9/vertx-core-4.4.9.jar:/Users/bl44001/.m2/repository/io/netty/netty-common/4.1.108.Final/netty-common-4.1.108.Final.jar:/Users/bl44001/.m2/repository/io/netty/netty-handler-proxy/4.1.108.Final/netty-handler-proxy-4.1.108.Final.jar:/Users/bl44001/.m2/repository/io/netty/netty-codec-socks/4.1.108.Final/netty-codec-socks-4.1.108.Final.jar:/Users/bl44001/.m2/repository/io/netty/netty-resolver/4.1.108.Final/netty-resolver-4.1.108.Final.jar:/Users/bl44001/.m2/repository/io/netty/netty-resolver-dns/4.1.108.Final/netty-resolver-dns-4.1.108.Final.jar:/Users/bl44001/.m2/repository/io/netty/netty-codec-dns/4.1.108.Final/netty-codec-dns-4.1.108.Final.jar:/Users/bl44001/.m2/repository/io/smallrye/reactive/smallrye-mutiny-vertx-core/3.7.2/smallrye-mutiny-vertx-core-3.7.2.jar:/Users/bl44001/.m2/repository/io/smallrye/reactive/smallrye-mutiny-vertx-runtime/3.7.2/smallrye-mutiny-vertx-runtime-3.7.2.jar:/Users/bl44001/.m2/repository/io/smallrye/reactive/vertx-mutiny-generator/3.7.2/vertx-mutiny-generator-3.7.2.jar:/Users/bl44001/.m2/repository/io/vertx/vertx-codegen/4.4.9/vertx-codegen-4.4.9.jar:/Users/bl44001/.m2/repository/io/quarkus/resteasy/reactive/resteasy-reactive/3.2.12.Final/resteasy-reactive-3.2.12.Final.jar:/Users/bl44001/.m2/repository/jakarta/ws/rs/jakarta.ws.rs-api/3.1.0/jakarta.ws.rs-api-3.1.0.jar:/Users/bl44001/.m2/repository/org/jboss/logging/commons-logging-jboss-logging/1.0.0.Final/commons-logging-jboss-logging-1.0.0.Final.jar:/Users/bl44001/.m2/repository/jakarta/xml/bind/jakarta.xml.bind-api/4.0.0/jakarta.xml.bind-api-4.0.0.jar:/Users/bl44001/.m2/repository/jakarta/activation/jakarta.activation-api/2.1.2/jakarta.activation-api-2.1.2.jar:/Users/bl44001/.m2/repository/org/jboss/logging/jboss-logging/3.5.1.Final/jboss-logging-3.5.1.Final.jar:/Users/bl44001/.m2/repository/io/quarkus/quarkus-vertx-http/3.2.12.Final/quarkus-vertx-http-3.2.12.Final.jar:/Users/bl44001/.m2/repository/io/smallrye/common/smallrye-common-vertx-context/2.1.0/smallrye-common-vertx-context-2.1.0.jar:/Users/bl44001/.m2/repository/io/quarkus/quarkus-vertx-http-dev-console-runtime-spi/3.2.12.Final/quarkus-vertx-http-dev-console-runtime-spi-3.2.12.Final.jar:/Users/bl44001/.m2/repository/io/smallrye/reactive/smallrye-mutiny-vertx-web/3.7.2/smallrye-mutiny-vertx-web-3.7.2.jar:/Users/bl44001/.m2/repository/io/smallrye/reactive/smallrye-mutiny-vertx-web-common/3.7.2/smallrye-mutiny-vertx-web-common-3.7.2.jar:/Users/bl44001/.m2/repository/io/smallrye/reactive/smallrye-mutiny-vertx-auth-common/3.7.2/smallrye-mutiny-vertx-auth-common-3.7.2.jar:/Users/bl44001/.m2/repository/io/smallrye/reactive/smallrye-mutiny-vertx-bridge-common/3.7.2/smallrye-mutiny-vertx-bridge-common-3.7.2.jar:/Users/bl44001/.m2/repository/io/smallrye/reactive/smallrye-mutiny-vertx-uri-template/3.7.2/smallrye-mutiny-vertx-uri-template-3.7.2.jar:/Users/bl44001/.m2/repository/io/vertx/vertx-uri-template/4.4.9/vertx-uri-template-4.4.9.jar:/Users/bl44001/.m2/repository/io/github/crac/org-crac/0.1.3/org-crac-0.1.3.jar:/Users/bl44001/.m2/repository/io/quarkus/quarkus-jsonp/3.2.12.Final/quarkus-jsonp-3.2.12.Final.jar:/Users/bl44001/.m2/repository/org/eclipse/parsson/parsson/1.1.5/parsson-1.1.5.jar:/Users/bl44001/.m2/repository/io/quarkus/quarkus-resteasy-reactive-jackson/3.2.12.Final/quarkus-resteasy-reactive-jackson-3.2.12.Final.jar:/Users/bl44001/.m2/repository/io/quarkus/quarkus-resteasy-reactive-jackson-common/3.2.12.Final/quarkus-resteasy-reactive-jackson-common-3.2.12.Final.jar:/Users/bl44001/.m2/repository/io/quarkus/resteasy/reactive/resteasy-reactive-jackson/3.2.12.Final/resteasy-reactive-jackson-3.2.12.Final.jar:/Users/bl44001/.m2/repository/io/quarkus/quarkus-jackson/3.2.12.Final/quarkus-jackson-3.2.12.Final.jar:/Users/bl44001/.m2/repository/com/fasterxml/jackson/datatype/jackson-datatype-jsr310/2.15.2/jackson-datatype-jsr310-2.15.2.jar:/Users/bl44001/.m2/repository/com/fasterxml/jackson/datatype/jackson-datatype-jdk8/2.15.2/jackson-datatype-jdk8-2.15.2.jar:/Users/bl44001/.m2/repository/com/fasterxml/jackson/module/jackson-module-parameter-names/2.15.2/jackson-module-parameter-names-2.15.2.jar:/Users/bl44001/.m2/repository/io/quarkus/quarkus-smallrye-graphql/3.2.12.Final/quarkus-smallrye-graphql-3.2.12.Final.jar:/Users/bl44001/.m2/repository/io/quarkus/quarkus-core/3.2.12.Final/quarkus-core-3.2.12.Final.jar:/Users/bl44001/.m2/repository/jakarta/inject/jakarta.inject-api/2.0.1/jakarta.inject-api-2.0.1.jar:/Users/bl44001/.m2/repository/io/smallrye/common/smallrye-common-os/2.1.0/smallrye-common-os-2.1.0.jar:/Users/bl44001/.m2/repository/io/quarkus/quarkus-ide-launcher/3.2.12.Final/quarkus-ide-launcher-3.2.12.Final.jar:/Users/bl44001/.m2/repository/io/quarkus/quarkus-development-mode-spi/3.2.12.Final/quarkus-development-mode-spi-3.2.12.Final.jar:/Users/bl44001/.m2/repository/io/smallrye/config/smallrye-config/3.3.2/smallrye-config-3.3.2.jar:/Users/bl44001/.m2/repository/io/smallrye/config/smallrye-config-core/3.3.2/smallrye-config-core-3.3.2.jar:/Users/bl44001/.m2/repository/io/smallrye/common/smallrye-common-expression/2.1.0/smallrye-common-expression-2.1.0.jar:/Users/bl44001/.m2/repository/io/smallrye/common/smallrye-common-function/2.1.0/smallrye-common-function-2.1.0.jar:/Users/bl44001/.m2/repository/org/jboss/logmanager/jboss-logmanager-embedded/1.1.1/jboss-logmanager-embedded-1.1.1.jar:/Users/bl44001/.m2/repository/org/jboss/logging/jboss-logging-annotations/2.2.1.Final/jboss-logging-annotations-2.2.1.Final.jar:/Users/bl44001/.m2/repository/org/jboss/threads/jboss-threads/3.5.0.Final/jboss-threads-3.5.0.Final.jar:/Users/bl44001/.m2/repository/org/slf4j/slf4j-api/2.0.6/slf4j-api-2.0.6.jar:/Users/bl44001/.m2/repository/org/jboss/slf4j/slf4j-jboss-logmanager/2.0.0.Final/slf4j-jboss-logmanager-2.0.0.Final.jar:/Users/bl44001/.m2/repository/org/graalvm/sdk/graal-sdk/23.0.1/graal-sdk-23.0.1.jar:/Users/bl44001/.m2/repository/org/wildfly/common/wildfly-common/1.5.4.Final-format-001/wildfly-common-1.5.4.Final-format-001.jar:/Users/bl44001/.m2/repository/io/quarkus/quarkus-bootstrap-runner/3.2.12.Final/quarkus-bootstrap-runner-3.2.12.Final.jar:/Users/bl44001/.m2/repository/io/quarkus/quarkus-fs-util/0.0.9/quarkus-fs-util-0.0.9.jar:/Users/bl44001/.m2/repository/io/quarkus/quarkus-jsonb/3.2.12.Final/quarkus-jsonb-3.2.12.Final.jar:/Users/bl44001/.m2/repository/org/eclipse/yasson/3.0.3/yasson-3.0.3.jar:/Users/bl44001/.m2/repository/jakarta/json/bind/jakarta.json.bind-api/3.0.0/jakarta.json.bind-api-3.0.0.jar:/Users/bl44001/.m2/repository/io/smallrye/smallrye-graphql-schema-builder/2.2.3/smallrye-graphql-schema-builder-2.2.3.jar:/Users/bl44001/.m2/repository/io/smallrye/smallrye-graphql-schema-model/2.2.3/smallrye-graphql-schema-model-2.2.3.jar:/Users/bl44001/.m2/repository/io/smallrye/jandex/3.1.6/jandex-3.1.6.jar:/Users/bl44001/.m2/repository/io/smallrye/smallrye-graphql-cdi/2.2.3/smallrye-graphql-cdi-2.2.3.jar:/Users/bl44001/.m2/repository/io/smallrye/smallrye-graphql/2.2.3/smallrye-graphql-2.2.3.jar:/Users/bl44001/.m2/repository/io/smallrye/smallrye-graphql-api/2.2.3/smallrye-graphql-api-2.2.3.jar:/Users/bl44001/.m2/repository/org/eclipse/microprofile/graphql/microprofile-graphql-api/2.0/microprofile-graphql-api-2.0.jar:/Users/bl44001/.m2/repository/com/graphql-java/graphql-java/20.2/graphql-java-20.2.jar:/Users/bl44001/.m2/repository/com/graphql-java/java-dataloader/3.2.0/java-dataloader-3.2.0.jar:/Users/bl44001/.m2/repository/com/apollographql/federation/federation-graphql-java-support/2.1.1/federation-graphql-java-support-2.1.1.jar:/Users/bl44001/.m2/repository/com/apollographql/federation/federation-graphql-java-support-api/2.1.1/federation-graphql-java-support-api-2.1.1.jar:/Users/bl44001/.m2/repository/com/google/protobuf/protobuf-java/3.22.0/protobuf-java-3.22.0.jar:/Users/bl44001/.m2/repository/jakarta/json/jakarta.json-api/2.1.2/jakarta.json-api-2.1.2.jar:/Users/bl44001/.m2/repository/io/quarkus/quarkus-smallrye-context-propagation/3.2.12.Final/quarkus-smallrye-context-propagation-3.2.12.Final.jar:/Users/bl44001/.m2/repository/io/smallrye/smallrye-context-propagation/2.1.0/smallrye-context-propagation-2.1.0.jar:/Users/bl44001/.m2/repository/io/smallrye/smallrye-context-propagation-api/2.1.0/smallrye-context-propagation-api-2.1.0.jar:/Users/bl44001/.m2/repository/io/smallrye/smallrye-context-propagation-storage/2.1.0/smallrye-context-propagation-storage-2.1.0.jar:/Users/bl44001/.m2/repository/org/eclipse/microprofile/metrics/microprofile-metrics-api/4.0.1/microprofile-metrics-api-4.0.1.jar:/Users/bl44001/.m2/repository/io/quarkus/quarkus-hibernate-validator/3.2.12.Final/quarkus-hibernate-validator-3.2.12.Final.jar:/Users/bl44001/.m2/repository/org/hibernate/validator/hibernate-validator/8.0.1.Final/hibernate-validator-8.0.1.Final.jar:/Users/bl44001/.m2/repository/jakarta/validation/jakarta.validation-api/3.0.2/jakarta.validation-api-3.0.2.jar:/Users/bl44001/.m2/repository/com/fasterxml/classmate/1.5.1/classmate-1.5.1.jar:/Users/bl44001/.m2/repository/org/glassfish/expressly/expressly/5.0.0/expressly-5.0.0.jar:/Users/bl44001/.m2/repository/io/smallrye/config/smallrye-config-validator/3.3.2/smallrye-config-validator-3.3.2.jar:/Users/bl44001/.m2/repository/io/quarkus/quarkus-oidc/3.2.12.Final/quarkus-oidc-3.2.12.Final.jar:/Users/bl44001/.m2/repository/io/quarkus/quarkus-vertx/3.2.12.Final/quarkus-vertx-3.2.12.Final.jar:/Users/bl44001/.m2/repository/io/quarkus/quarkus-netty/3.2.12.Final/quarkus-netty-3.2.12.Final.jar:/Users/bl44001/.m2/repository/io/netty/netty-codec/4.1.108.Final/netty-codec-4.1.108.Final.jar:/Users/bl44001/.m2/repository/io/netty/netty-codec-http/4.1.108.Final/netty-codec-http-4.1.108.Final.jar:/Users/bl44001/.m2/repository/io/netty/netty-codec-http2/4.1.108.Final/netty-codec-http2-4.1.108.Final.jar:/Users/bl44001/.m2/repository/io/netty/netty-handler/4.1.108.Final/netty-handler-4.1.108.Final.jar:/Users/bl44001/.m2/repository/io/netty/netty-transport-native-unix-common/4.1.108.Final/netty-transport-native-unix-common-4.1.108.Final.jar:/Users/bl44001/.m2/repository/com/aayushatharva/brotli4j/brotli4j/1.12.0/brotli4j-1.12.0.jar:/Users/bl44001/.m2/repository/com/aayushatharva/brotli4j/service/1.12.0/service-1.12.0.jar:/Users/bl44001/.m2/repository/com/aayushatharva/brotli4j/native-osx-x86_64/1.12.0/native-osx-x86_64-1.12.0.jar:/Users/bl44001/.m2/repository/io/netty/netty-codec-haproxy/4.1.108.Final/netty-codec-haproxy-4.1.108.Final.jar:/Users/bl44001/.m2/repository/io/netty/netty-buffer/4.1.108.Final/netty-buffer-4.1.108.Final.jar:/Users/bl44001/.m2/repository/io/netty/netty-transport/4.1.108.Final/netty-transport-4.1.108.Final.jar:/Users/bl44001/.m2/repository/io/smallrye/common/smallrye-common-annotation/2.1.0/smallrye-common-annotation-2.1.0.jar:/Users/bl44001/.m2/repository/io/quarkus/quarkus-vertx-latebound-mdc-provider/3.2.12.Final/quarkus-vertx-latebound-mdc-provider-3.2.12.Final.jar:/Users/bl44001/.m2/repository/io/smallrye/smallrye-fault-tolerance-vertx/6.2.6/smallrye-fault-tolerance-vertx-6.2.6.jar:/Users/bl44001/.m2/repository/io/quarkus/quarkus-oidc-common/3.2.12.Final/quarkus-oidc-common-3.2.12.Final.jar:/Users/bl44001/.m2/repository/io/smallrye/reactive/smallrye-mutiny-vertx-web-client/3.7.2/smallrye-mutiny-vertx-web-client-3.7.2.jar:/Users/bl44001/.m2/repository/io/vertx/vertx-web-client/4.4.9/vertx-web-client-4.4.9.jar:/Users/bl44001/.m2/repository/io/quarkus/quarkus-smallrye-jwt-build/3.2.12.Final/quarkus-smallrye-jwt-build-3.2.12.Final.jar:/Users/bl44001/.m2/repository/io/smallrye/smallrye-jwt-build/4.4.0/smallrye-jwt-build-4.4.0.jar:/Users/bl44001/.m2/repository/io/smallrye/smallrye-jwt/4.4.0/smallrye-jwt-4.4.0.jar:/Users/bl44001/.m2/repository/org/eclipse/microprofile/jwt/microprofile-jwt-auth-api/2.1/microprofile-jwt-auth-api-2.1.jar:/Users/bl44001/.m2/repository/org/bitbucket/b_c/jose4j/0.9.6/jose4j-0.9.6.jar:/Users/bl44001/.m2/repository/io/smallrye/smallrye-jwt-common/4.4.0/smallrye-jwt-common-4.4.0.jar:/Users/bl44001/.m2/repository/jakarta/annotation/jakarta.annotation-api/2.1.1/jakarta.annotation-api-2.1.1.jar:/Users/bl44001/.m2/repository/io/quarkus/quarkus-security/3.2.12.Final/quarkus-security-3.2.12.Final.jar:/Users/bl44001/.m2/repository/io/quarkus/quarkus-security-runtime-spi/3.2.12.Final/quarkus-security-runtime-spi-3.2.12.Final.jar:/Users/bl44001/.m2/repository/jakarta/interceptor/jakarta.interceptor-api/2.1.0/jakarta.interceptor-api-2.1.0.jar:/Users/bl44001/.m2/repository/io/quarkus/security/quarkus-security/2.0.2.Final/quarkus-security-2.0.2.Final.jar:/Users/bl44001/.m2/repository/io/smallrye/reactive/mutiny/2.3.1/mutiny-2.3.1.jar:/Users/bl44001/.m2/repository/jakarta/enterprise/jakarta.enterprise.cdi-api/4.0.1/jakarta.enterprise.cdi-api-4.0.1.jar:/Users/bl44001/.m2/repository/jakarta/enterprise/jakarta.enterprise.lang-model/4.0.1/jakarta.enterprise.lang-model-4.0.1.jar:/Users/bl44001/.m2/repository/jakarta/el/jakarta.el-api/5.0.1/jakarta.el-api-5.0.1.jar:/Users/bl44001/.m2/repository/io/quarkus/quarkus-arc/3.2.12.Final/quarkus-arc-3.2.12.Final.jar:/Users/bl44001/.m2/repository/io/quarkus/arc/arc/3.2.12.Final/arc-3.2.12.Final.jar:/Users/bl44001/.m2/repository/jakarta/transaction/jakarta.transaction-api/2.0.1/jakarta.transaction-api-2.0.1.jar:/Users/bl44001/.m2/repository/org/eclipse/microprofile/context-propagation/microprofile-context-propagation-api/1.3/microprofile-context-propagation-api-1.3.jar:/Users/bl44001/.m2/repository/io/quarkus/quarkus-config-yaml/3.2.12.Final/quarkus-config-yaml-3.2.12.Final.jar:/Users/bl44001/.m2/repository/io/smallrye/config/smallrye-config-source-yaml/3.3.2/smallrye-config-source-yaml-3.3.2.jar:/Users/bl44001/.m2/repository/org/yaml/snakeyaml/2.0/snakeyaml-2.0.jar:/Users/bl44001/.m2/repository/io/smallrye/config/smallrye-config-common/3.3.2/smallrye-config-common-3.3.2.jar:/Users/bl44001/.m2/repository/io/smallrye/common/smallrye-common-classloader/2.1.0/smallrye-common-classloader-2.1.0.jar:/Users/bl44001/.m2/repository/io/smallrye/common/smallrye-common-constraint/2.1.0/smallrye-common-constraint-2.1.0.jar:/Users/bl44001/.m2/repository/org/eclipse/microprofile/config/microprofile-config-api/3.0.3/microprofile-config-api-3.0.3.jar:/Users/bl44001/.m2/repository/io/quarkus/quarkus-info/3.2.12.Final/quarkus-info-3.2.12.Final.jar:/Users/bl44001/.m2/repository/io/quarkus/quarkus-info-runtime-spi/3.2.12.Final/quarkus-info-runtime-spi-3.2.12.Final.jar:/Users/bl44001/.m2/repository/io/quarkus/quarkus-hibernate-orm-panache/3.2.12.Final/quarkus-hibernate-orm-panache-3.2.12.Final.jar:/Users/bl44001/.m2/repository/io/quarkus/quarkus-hibernate-orm/3.2.12.Final/quarkus-hibernate-orm-3.2.12.Final.jar:/Users/bl44001/.m2/repository/org/hibernate/orm/hibernate-core/6.2.18.Final/hibernate-core-6.2.18.Final.jar:/Users/bl44001/.m2/repository/org/antlr/antlr4-runtime/4.10.1/antlr4-runtime-4.10.1.jar:/Users/bl44001/.m2/repository/org/hibernate/common/hibernate-commons-annotations/6.0.6.Final/hibernate-commons-annotations-6.0.6.Final.jar:/Users/bl44001/.m2/repository/org/hibernate/orm/hibernate-graalvm/6.2.18.Final/hibernate-graalvm-6.2.18.Final.jar:/Users/bl44001/.m2/repository/org/glassfish/jaxb/jaxb-runtime/4.0.3/jaxb-runtime-4.0.3.jar:/Users/bl44001/.m2/repository/org/glassfish/jaxb/jaxb-core/4.0.3/jaxb-core-4.0.3.jar:/Users/bl44001/.m2/repository/org/eclipse/angus/angus-activation/2.0.1/angus-activation-2.0.1.jar:/Users/bl44001/.m2/repository/org/glassfish/jaxb/txw2/4.0.3/txw2-4.0.3.jar:/Users/bl44001/.m2/repository/com/sun/istack/istack-commons-runtime/4.1.2/istack-commons-runtime-4.1.2.jar:/Users/bl44001/.m2/repository/jakarta/persistence/jakarta.persistence-api/3.1.0/jakarta.persistence-api-3.1.0.jar:/Users/bl44001/.m2/repository/org/hibernate/quarkus-local-cache/0.2.1/quarkus-local-cache-0.2.1.jar:/Users/bl44001/.m2/repository/io/quarkus/quarkus-caffeine/3.2.12.Final/quarkus-caffeine-3.2.12.Final.jar:/Users/bl44001/.m2/repository/com/github/ben-manes/caffeine/caffeine/3.1.5/caffeine-3.1.5.jar:/Users/bl44001/.m2/repository/com/google/errorprone/error_prone_annotations/2.19.1/error_prone_annotations-2.19.1.jar:/Users/bl44001/.m2/repository/io/quarkus/quarkus-hibernate-orm-panache-common/3.2.12.Final/quarkus-hibernate-orm-panache-common-3.2.12.Final.jar:/Users/bl44001/.m2/repository/io/quarkus/quarkus-panache-hibernate-common/3.2.12.Final/quarkus-panache-hibernate-common-3.2.12.Final.jar:/Users/bl44001/.m2/repository/io/quarkus/quarkus-panache-common/3.2.12.Final/quarkus-panache-common-3.2.12.Final.jar:/Users/bl44001/.m2/repository/io/quarkus/quarkus-jdbc-postgresql/3.2.12.Final/quarkus-jdbc-postgresql-3.2.12.Final.jar:/Users/bl44001/.m2/repository/org/postgresql/postgresql/42.6.1/postgresql-42.6.1.jar:/Users/bl44001/.m2/repository/io/quarkus/quarkus-jdbc-h2/3.2.12.Final/quarkus-jdbc-h2-3.2.12.Final.jar:/Users/bl44001/.m2/repository/com/h2database/h2/2.2.220/h2-2.2.220.jar:/Users/bl44001/.m2/repository/org/locationtech/jts/jts-core/1.17.0/jts-core-1.17.0.jar:/Users/bl44001/.m2/repository/io/quarkus/quarkus-agroal/3.2.12.Final/quarkus-agroal-3.2.12.Final.jar:/Users/bl44001/.m2/repository/io/quarkus/quarkus-datasource/3.2.12.Final/quarkus-datasource-3.2.12.Final.jar:/Users/bl44001/.m2/repository/io/quarkus/quarkus-narayana-jta/3.2.12.Final/quarkus-narayana-jta-3.2.12.Final.jar:/Users/bl44001/.m2/repository/io/quarkus/quarkus-transaction-annotations/3.2.12.Final/quarkus-transaction-annotations-3.2.12.Final.jar:/Users/bl44001/.m2/repository/io/smallrye/smallrye-context-propagation-jta/2.1.0/smallrye-context-propagation-jta-2.1.0.jar:/Users/bl44001/.m2/repository/io/smallrye/reactive/smallrye-reactive-converter-api/3.0.1/smallrye-reactive-converter-api-3.0.1.jar:/Users/bl44001/.m2/repository/io/smallrye/reactive/smallrye-reactive-converter-mutiny/3.0.1/smallrye-reactive-converter-mutiny-3.0.1.jar:/Users/bl44001/.m2/repository/io/smallrye/reactive/mutiny-zero-flow-adapters/1.0.0/mutiny-zero-flow-adapters-1.0.0.jar:/Users/bl44001/.m2/repository/org/jboss/narayana/jta/narayana-jta/6.0.1.Final/narayana-jta-6.0.1.Final.jar:/Users/bl44001/.m2/repository/jakarta/resource/jakarta.resource-api/2.1.0/jakarta.resource-api-2.1.0.jar:/Users/bl44001/.m2/repository/org/jboss/invocation/jboss-invocation/2.0.0.Final/jboss-invocation-2.0.0.Final.jar:/Users/bl44001/.m2/repository/jakarta/ejb/jakarta.ejb-api/4.0.1/jakarta.ejb-api-4.0.1.jar:/Users/bl44001/.m2/repository/org/eclipse/microprofile/reactive-streams-operators/microprofile-reactive-streams-operators-api/3.0/microprofile-reactive-streams-operators-api-3.0.jar:/Users/bl44001/.m2/repository/org/jboss/narayana/jts/narayana-jts-integration/6.0.1.Final/narayana-jts-integration-6.0.1.Final.jar:/Users/bl44001/.m2/repository/io/agroal/agroal-api/2.1/agroal-api-2.1.jar:/Users/bl44001/.m2/repository/io/agroal/agroal-narayana/2.1/agroal-narayana-2.1.jar:/Users/bl44001/.m2/repository/org/jboss/jboss-transaction-spi/8.0.0.Final/jboss-transaction-spi-8.0.0.Final.jar:/Users/bl44001/.m2/repository/io/agroal/agroal-pool/2.1/agroal-pool-2.1.jar:/Users/bl44001/.m2/repository/io/quarkus/quarkus-credentials/3.2.12.Final/quarkus-credentials-3.2.12.Final.jar:/Users/bl44001/.m2/repository/io/quarkus/quarkus-flyway/3.2.12.Final/quarkus-flyway-3.2.12.Final.jar:/Users/bl44001/.m2/repository/org/flywaydb/flyway-core/9.17.0/flyway-core-9.17.0.jar:/Users/bl44001/.m2/repository/com/fasterxml/jackson/dataformat/jackson-dataformat-toml/2.15.2/jackson-dataformat-toml-2.15.2.jar:/Users/bl44001/.m2/repository/org/apache/commons/commons-text/1.10.0/commons-text-1.10.0.jar:/Users/bl44001/.m2/repository/com/google/code/gson/gson/2.10.1/gson-2.10.1.jar:/Users/bl44001/.m2/repository/io/quarkus/quarkus-datasource-common/3.2.12.Final/quarkus-datasource-common-3.2.12.Final.jar:/Users/bl44001/.m2/repository/com/amazonaws/aws-java-sdk-s3/1.12.788/aws-java-sdk-s3-1.12.788.jar:/Users/bl44001/.m2/repository/com/amazonaws/aws-java-sdk-kms/1.12.788/aws-java-sdk-kms-1.12.788.jar:/Users/bl44001/.m2/repository/com/amazonaws/aws-java-sdk-core/1.12.788/aws-java-sdk-core-1.12.788.jar:/Users/bl44001/.m2/repository/commons-logging/commons-logging/1.1.3/commons-logging-1.1.3.jar:/Users/bl44001/.m2/repository/commons-codec/commons-codec/1.16.0/commons-codec-1.16.0.jar:/Users/bl44001/.m2/repository/com/fasterxml/jackson/core/jackson-databind/2.15.2/jackson-databind-2.15.2.jar:/Users/bl44001/.m2/repository/com/fasterxml/jackson/core/jackson-annotations/2.15.2/jackson-annotations-2.15.2.jar:/Users/bl44001/.m2/repository/com/fasterxml/jackson/dataformat/jackson-dataformat-cbor/2.15.2/jackson-dataformat-cbor-2.15.2.jar:/Users/bl44001/.m2/repository/joda-time/joda-time/2.12.7/joda-time-2.12.7.jar:/Users/bl44001/.m2/repository/com/amazonaws/jmespath-java/1.12.788/jmespath-java-1.12.788.jar:/Users/bl44001/.m2/repository/io/quarkus/quarkus-smallrye-openapi/3.2.12.Final/quarkus-smallrye-openapi-3.2.12.Final.jar:/Users/bl44001/.m2/repository/io/smallrye/smallrye-open-api-core/3.4.0/smallrye-open-api-core-3.4.0.jar:/Users/bl44001/.m2/repository/org/eclipse/microprofile/openapi/microprofile-openapi-api/3.1.1/microprofile-openapi-api-3.1.1.jar:/Users/bl44001/.m2/repository/com/fasterxml/jackson/core/jackson-core/2.15.2/jackson-core-2.15.2.jar:/Users/bl44001/.m2/repository/com/fasterxml/jackson/dataformat/jackson-dataformat-yaml/2.15.2/jackson-dataformat-yaml-2.15.2.jar:/Users/bl44001/.m2/repository/io/quarkus/quarkus-swagger-ui/3.2.12.Final/quarkus-swagger-ui-3.2.12.Final.jar:/Users/bl44001/.m2/repository/org/projectlombok/lombok/1.18.30/lombok-1.18.30.jar:/Users/bl44001/.m2/repository/io/quarkus/quarkus-junit5/3.2.12.Final/quarkus-junit5-3.2.12.Final.jar:/Users/bl44001/.m2/repository/io/quarkus/quarkus-bootstrap-core/3.2.12.Final/quarkus-bootstrap-core-3.2.12.Final.jar:/Users/bl44001/.m2/repository/io/quarkus/quarkus-bootstrap-app-model/3.2.12.Final/quarkus-bootstrap-app-model-3.2.12.Final.jar:/Users/bl44001/.m2/repository/io/smallrye/common/smallrye-common-io/2.1.0/smallrye-common-io-2.1.0.jar:/Users/bl44001/.m2/repository/org/eclipse/sisu/org.eclipse.sisu.inject/0.3.5/org.eclipse.sisu.inject-0.3.5.jar:/Users/bl44001/.m2/repository/io/quarkus/quarkus-test-common/3.2.12.Final/quarkus-test-common-3.2.12.Final.jar:/Users/bl44001/.m2/repository/io/quarkus/quarkus-core-deployment/3.2.12.Final/quarkus-core-deployment-3.2.12.Final.jar:/Users/bl44001/.m2/repository/org/aesh/readline/2.4/readline-2.4.jar:/Users/bl44001/.m2/repository/org/fusesource/jansi/jansi/2.4.0/jansi-2.4.0.jar:/Users/bl44001/.m2/repository/org/aesh/aesh/2.7/aesh-2.7.jar:/Users/bl44001/.m2/repository/io/quarkus/gizmo/gizmo/1.6.1.Final/gizmo-1.6.1.Final.jar:/Users/bl44001/.m2/repository/org/ow2/asm/asm-util/9.5/asm-util-9.5.jar:/Users/bl44001/.m2/repository/org/ow2/asm/asm-analysis/9.5/asm-analysis-9.5.jar:/Users/bl44001/.m2/repository/org/ow2/asm/asm/9.5/asm-9.5.jar:/Users/bl44001/.m2/repository/org/ow2/asm/asm-commons/9.5/asm-commons-9.5.jar:/Users/bl44001/.m2/repository/org/ow2/asm/asm-tree/9.5/asm-tree-9.5.jar:/Users/bl44001/.m2/repository/io/quarkus/quarkus-class-change-agent/3.2.12.Final/quarkus-class-change-agent-3.2.12.Final.jar:/Users/bl44001/.m2/repository/io/quarkus/quarkus-devtools-utilities/3.2.12.Final/quarkus-devtools-utilities-3.2.12.Final.jar:/Users/bl44001/.m2/repository/io/quarkus/quarkus-builder/3.2.12.Final/quarkus-builder-3.2.12.Final.jar:/Users/bl44001/.m2/repository/org/junit/platform/junit-platform-launcher/1.9.3/junit-platform-launcher-1.9.3.jar:/Users/bl44001/.m2/repository/io/quarkus/quarkus-bootstrap-maven-resolver/3.2.12.Final/quarkus-bootstrap-maven-resolver-3.2.12.Final.jar:/Users/bl44001/.m2/repository/io/smallrye/beanbag/smallrye-beanbag-maven/1.3.2/smallrye-beanbag-maven-1.3.2.jar:/Users/bl44001/.m2/repository/io/smallrye/beanbag/smallrye-beanbag-sisu/1.3.2/smallrye-beanbag-sisu-1.3.2.jar:/Users/bl44001/.m2/repository/io/smallrye/beanbag/smallrye-beanbag/1.3.2/smallrye-beanbag-1.3.2.jar:/Users/bl44001/.m2/repository/javax/inject/javax.inject/1/javax.inject-1.jar:/Users/bl44001/.m2/repository/org/apache/maven/maven-artifact/3.9.3/maven-artifact-3.9.3.jar:/Users/bl44001/.m2/repository/org/apache/maven/maven-builder-support/3.9.3/maven-builder-support-3.9.3.jar:/Users/bl44001/.m2/repository/org/apache/maven/maven-model/3.9.3/maven-model-3.9.3.jar:/Users/bl44001/.m2/repository/org/apache/maven/maven-model-builder/3.9.3/maven-model-builder-3.9.3.jar:/Users/bl44001/.m2/repository/org/apache/maven/maven-repository-metadata/3.9.3/maven-repository-metadata-3.9.3.jar:/Users/bl44001/.m2/repository/org/apache/maven/maven-settings/3.9.3/maven-settings-3.9.3.jar:/Users/bl44001/.m2/repository/org/apache/maven/resolver/maven-resolver-api/1.9.13/maven-resolver-api-1.9.13.jar:/Users/bl44001/.m2/repository/org/apache/maven/resolver/maven-resolver-impl/1.9.13/maven-resolver-impl-1.9.13.jar:/Users/bl44001/.m2/repository/org/apache/maven/resolver/maven-resolver-named-locks/1.9.13/maven-resolver-named-locks-1.9.13.jar:/Users/bl44001/.m2/repository/org/apache/maven/resolver/maven-resolver-spi/1.9.13/maven-resolver-spi-1.9.13.jar:/Users/bl44001/.m2/repository/org/apache/maven/resolver/maven-resolver-util/1.9.13/maven-resolver-util-1.9.13.jar:/Users/bl44001/.m2/repository/org/apache/maven/resolver/maven-resolver-transport-http/1.9.10/maven-resolver-transport-http-1.9.10.jar:/Users/bl44001/.m2/repository/org/apache/maven/wagon/wagon-provider-api/3.5.3/wagon-provider-api-3.5.3.jar:/Users/bl44001/.m2/repository/org/apache/maven/wagon/wagon-http-shared/3.5.3/wagon-http-shared-3.5.3.jar:/Users/bl44001/.m2/repository/org/codehaus/plexus/plexus-interpolation/1.26/plexus-interpolation-1.26.jar:/Users/bl44001/.m2/repository/org/codehaus/plexus/plexus-utils/3.5.1/plexus-utils-3.5.1.jar:/Users/bl44001/.m2/repository/org/codehaus/plexus/plexus-xml/4.0.0/plexus-xml-4.0.0.jar:/Users/bl44001/.m2/repository/org/apache/maven/maven-xml-impl/4.0.0-alpha-5/maven-xml-impl-4.0.0-alpha-5.jar:/Users/bl44001/.m2/repository/org/apache/maven/maven-api-xml/4.0.0-alpha-5/maven-api-xml-4.0.0-alpha-5.jar:/Users/bl44001/.m2/repository/org/apache/maven/maven-api-meta/4.0.0-alpha-5/maven-api-meta-4.0.0-alpha-5.jar:/Users/bl44001/.m2/repository/org/codehaus/plexus/plexus-cipher/2.0/plexus-cipher-2.0.jar:/Users/bl44001/.m2/repository/org/codehaus/plexus/plexus-sec-dispatcher/2.0/plexus-sec-dispatcher-2.0.jar:/Users/bl44001/.m2/repository/org/apache/maven/maven-embedder/3.9.3/maven-embedder-3.9.3.jar:/Users/bl44001/.m2/repository/org/apache/maven/maven-core/3.9.3/maven-core-3.9.3.jar:/Users/bl44001/.m2/repository/org/codehaus/plexus/plexus-component-annotations/2.1.0/plexus-component-annotations-2.1.0.jar:/Users/bl44001/.m2/repository/org/apache/maven/maven-plugin-api/3.9.3/maven-plugin-api-3.9.3.jar:/Users/bl44001/.m2/repository/org/apache/maven/shared/maven-shared-utils/3.3.4/maven-shared-utils-3.3.4.jar:/Users/bl44001/.m2/repository/com/google/inject/guice/5.1.0/guice-5.1.0.jar:/Users/bl44001/.m2/repository/aopalliance/aopalliance/1.0/aopalliance-1.0.jar:/Users/bl44001/.m2/repository/com/google/guava/guava/32.0.0-jre/guava-32.0.0-jre.jar:/Users/bl44001/.m2/repository/com/google/guava/failureaccess/1.0.1/failureaccess-1.0.1.jar:/Users/bl44001/.m2/repository/javax/annotation/javax.annotation-api/1.3.2/javax.annotation-api-1.3.2.jar:/Users/bl44001/.m2/repository/org/codehaus/plexus/plexus-classworlds/2.6.0/plexus-classworlds-2.6.0.jar:/Users/bl44001/.m2/repository/commons-cli/commons-cli/1.5.0/commons-cli-1.5.0.jar:/Users/bl44001/.m2/repository/org/eclipse/sisu/org.eclipse.sisu.plexus/0.3.5/org.eclipse.sisu.plexus-0.3.5.jar:/Users/bl44001/.m2/repository/org/apache/maven/maven-settings-builder/3.9.3/maven-settings-builder-3.9.3.jar:/Users/bl44001/.m2/repository/org/apache/maven/maven-resolver-provider/3.9.3/maven-resolver-provider-3.9.3.jar:/Users/bl44001/.m2/repository/org/apache/maven/resolver/maven-resolver-connector-basic/1.9.13/maven-resolver-connector-basic-1.9.13.jar:/Users/bl44001/.m2/repository/org/apache/maven/resolver/maven-resolver-transport-wagon/1.9.13/maven-resolver-transport-wagon-1.9.13.jar:/Users/bl44001/.m2/repository/org/apache/maven/wagon/wagon-http/3.5.3/wagon-http-3.5.3.jar:/Users/bl44001/.m2/repository/org/apache/maven/wagon/wagon-file/3.5.3/wagon-file-3.5.3.jar:/Users/bl44001/.m2/repository/io/quarkus/quarkus-bootstrap-gradle-resolver/3.2.12.Final/quarkus-bootstrap-gradle-resolver-3.2.12.Final.jar:/Users/bl44001/.m2/repository/commons-io/commons-io/2.13.0/commons-io-2.13.0.jar:/Users/bl44001/.m2/repository/io/quarkus/quarkus-junit5-properties/3.2.12.Final/quarkus-junit5-properties-3.2.12.Final.jar:/Users/bl44001/.m2/repository/org/junit/jupiter/junit-jupiter/5.9.3/junit-jupiter-5.9.3.jar:/Users/bl44001/.m2/repository/org/junit/jupiter/junit-jupiter-params/5.9.3/junit-jupiter-params-5.9.3.jar:/Users/bl44001/.m2/repository/org/junit/jupiter/junit-jupiter-engine/5.9.3/junit-jupiter-engine-5.9.3.jar:/Users/bl44001/.m2/repository/org/junit/platform/junit-platform-engine/1.9.3/junit-platform-engine-1.9.3.jar:/Users/bl44001/.m2/repository/com/thoughtworks/xstream/xstream/1.4.20/xstream-1.4.20.jar:/Users/bl44001/.m2/repository/io/github/x-stream/mxparser/1.2.2/mxparser-1.2.2.jar:/Users/bl44001/.m2/repository/xmlpull/xmlpull/1.1.3.1/xmlpull-1.1.3.1.jar:/Users/bl44001/.m2/repository/io/rest-assured/rest-assured/5.3.0/rest-assured-5.3.0.jar:/Users/bl44001/.m2/repository/org/apache/groovy/groovy/4.0.6/groovy-4.0.6.jar:/Users/bl44001/.m2/repository/org/apache/groovy/groovy-xml/4.0.6/groovy-xml-4.0.6.jar:/Users/bl44001/.m2/repository/org/apache/httpcomponents/httpclient/4.5.14/httpclient-4.5.14.jar:/Users/bl44001/.m2/repository/org/apache/httpcomponents/httpcore/4.4.16/httpcore-4.4.16.jar:/Users/bl44001/.m2/repository/org/apache/httpcomponents/httpmime/4.5.14/httpmime-4.5.14.jar:/Users/bl44001/.m2/repository/org/hamcrest/hamcrest/2.1/hamcrest-2.1.jar:/Users/bl44001/.m2/repository/org/ccil/cowan/tagsoup/tagsoup/1.2.1/tagsoup-1.2.1.jar:/Users/bl44001/.m2/repository/io/rest-assured/json-path/5.3.0/json-path-5.3.0.jar:/Users/bl44001/.m2/repository/org/apache/groovy/groovy-json/4.0.6/groovy-json-4.0.6.jar:/Users/bl44001/.m2/repository/io/rest-assured/rest-assured-common/5.3.0/rest-assured-common-5.3.0.jar:/Users/bl44001/.m2/repository/io/rest-assured/xml-path/5.3.0/xml-path-5.3.0.jar:/Users/bl44001/.m2/repository/org/apache/commons/commons-lang3/3.12.0/commons-lang3-3.12.0.jar:/Users/bl44001/.m2/repository/io/quarkus/quarkus-junit5-mockito/3.2.12.Final/quarkus-junit5-mockito-3.2.12.Final.jar:/Users/bl44001/.m2/repository/io/quarkus/quarkus-junit5-mockito-config/3.2.12.Final/quarkus-junit5-mockito-config-3.2.12.Final.jar:/Users/bl44001/.m2/repository/io/quarkus/quarkus-arc-deployment/3.2.12.Final/quarkus-arc-deployment-3.2.12.Final.jar:/Users/bl44001/.m2/repository/io/quarkus/quarkus-smallrye-context-propagation-spi/3.2.12.Final/quarkus-smallrye-context-propagation-spi-3.2.12.Final.jar:/Users/bl44001/.m2/repository/io/quarkus/quarkus-vertx-http-dev-console-spi/3.2.12.Final/quarkus-vertx-http-dev-console-spi-3.2.12.Final.jar:/Users/bl44001/.m2/repository/io/quarkus/quarkus-vertx-http-dev-ui-spi/3.2.12.Final/quarkus-vertx-http-dev-ui-spi-3.2.12.Final.jar:/Users/bl44001/.m2/repository/io/quarkus/arc/arc-processor/3.2.12.Final/arc-processor-3.2.12.Final.jar:/Users/bl44001/.m2/repository/org/mockito/mockito-subclass/5.3.1/mockito-subclass-5.3.1.jar:/Users/bl44001/.m2/repository/io/quarkus/quarkus-mutiny/3.2.12.Final/quarkus-mutiny-3.2.12.Final.jar:/Users/bl44001/.m2/repository/io/smallrye/reactive/mutiny-smallrye-context-propagation/2.3.1/mutiny-smallrye-context-propagation-2.3.1.jar:/Users/bl44001/.m2/repository/org/mockito/mockito-core/5.3.1/mockito-core-5.3.1.jar:/Users/bl44001/.m2/repository/net/bytebuddy/byte-buddy/1.14.7/byte-buddy-1.14.7.jar:/Users/bl44001/.m2/repository/net/bytebuddy/byte-buddy-agent/1.14.4/byte-buddy-agent-1.14.4.jar:/Users/bl44001/.m2/repository/org/objenesis/objenesis/3.3/objenesis-3.3.jar:/Users/bl44001/.m2/repository/org/mockito/mockito-junit-jupiter/5.3.1/mockito-junit-jupiter-5.3.1.jar:/Users/bl44001/.m2/repository/org/junit/jupiter/junit-jupiter-api/5.9.3/junit-jupiter-api-5.9.3.jar:/Users/bl44001/.m2/repository/org/opentest4j/opentest4j/1.2.0/opentest4j-1.2.0.jar:/Users/bl44001/.m2/repository/org/junit/platform/junit-platform-commons/1.9.3/junit-platform-commons-1.9.3.jar:/Users/bl44001/.m2/repository/org/apiguardian/apiguardian-api/1.1.2/apiguardian-api-1.1.2.jar:"/>
    <property name="sun.cpu.endian" value="little"/>
    <property name="user.home" value="/Users/bl44001"/>
    <property name="user.language" value="zh"/>
    <property name="java.specification.vendor" value="Oracle Corporation"/>
    <property name="java.version.date" value="2025-07-15"/>
    <property name="java.home" value="/usr/local/Cellar/openjdk@17/17.0.16/libexec/openjdk.jdk/Contents/Home"/>
    <property name="file.separator" value="/"/>
    <property name="https.proxyHost" value="127.0.0.1"/>
    <property name="basedir" value="/Users/bl44001/repo/gdp-dataserving-quarkus/server"/>
    <property name="java.vm.compressedOopsMode" value="Zero based"/>
    <property name="line.separator" value="&#10;"/>
    <property name="java.vm.specification.vendor" value="Oracle Corporation"/>
    <property name="java.specification.name" value="Java Platform API Specification"/>
    <property name="surefire.real.class.path" value="/Users/bl44001/repo/gdp-dataserving-quarkus/server/target/surefire/surefirebooter-20250820090630588_3.jar"/>
    <property name="user.script" value="Hans"/>
    <property name="sun.management.compiler" value="HotSpot 64-Bit Tiered Compilers"/>
    <property name="ftp.nonProxyHosts" value="192.168.0.0/16|*.192.168.0.0/16|10.0.0.0/8|*.10.0.0.0/8|172.16.0.0/12|*.172.16.0.0/12|127.0.0.1|localhost|*.localhost|local|*.local|timestamp.apple.com|*.timestamp.apple.com"/>
    <property name="java.runtime.version" value="17.0.16+0"/>
    <property name="user.name" value="bl44001"/>
    <property name="path.separator" value=":"/>
    <property name="os.version" value="15.6"/>
    <property name="java.runtime.name" value="OpenJDK Runtime Environment"/>
    <property name="file.encoding" value="UTF-8"/>
    <property name="java.vm.name" value="OpenJDK 64-Bit Server VM"/>
    <property name="java.vendor.version" value="Homebrew"/>
    <property name="localRepository" value="/Users/bl44001/.m2/repository"/>
    <property name="java.vendor.url.bug" value="https://github.com/Homebrew/homebrew-core/issues"/>
    <property name="java.io.tmpdir" value="/var/folders/yx/rt52d_513mlgkjy9k0x4gl2h0000gn/T/"/>
    <property name="java.version" value="17.0.16"/>
    <property name="user.dir" value="/Users/bl44001/repo/gdp-dataserving-quarkus/server"/>
    <property name="os.arch" value="x86_64"/>
    <property name="socksProxyPort" value="7890"/>
    <property name="java.vm.specification.name" value="Java Virtual Machine Specification"/>
    <property name="native.encoding" value="UTF-8"/>
    <property name="java.library.path" value="/Users/bl44001/Library/Java/Extensions:/Library/Java/Extensions:/Network/Library/Java/Extensions:/System/Library/Java/Extensions:/usr/lib/java:."/>
    <property name="java.vm.info" value="mixed mode, sharing"/>
    <property name="java.vendor" value="Homebrew"/>
    <property name="java.vm.version" value="17.0.16+0"/>
    <property name="java.specification.maintenance.version" value="1"/>
    <property name="sun.io.unicode.encoding" value="UnicodeBig"/>
    <property name="socksNonProxyHosts" value="192.168.0.0/16|*.192.168.0.0/16|10.0.0.0/8|*.10.0.0.0/8|172.16.0.0/12|*.172.16.0.0/12|127.0.0.1|localhost|*.localhost|local|*.local|timestamp.apple.com|*.timestamp.apple.com"/>
    <property name="java.class.version" value="61.0"/>
    <property name="http.proxyPort" value="7890"/>
  </properties>
  <testcase name="testDownloadFileWithBucketId" classname="com.sc.gdp.common.s3.S3ServiceTest" time="0.338"/>
  <testcase name="testGetFileMetadataWithBucketId" classname="com.sc.gdp.common.s3.S3ServiceTest" time="0.006"/>
  <testcase name="testCopyFileWithBucketId" classname="com.sc.gdp.common.s3.S3ServiceTest" time="0.008"/>
  <testcase name="testListFilesInBucket" classname="com.sc.gdp.common.s3.S3ServiceTest" time="0.008"/>
  <testcase name="testDeleteFileException" classname="com.sc.gdp.common.s3.S3ServiceTest" time="0.009"/>
  <testcase name="testListFilesException" classname="com.sc.gdp.common.s3.S3ServiceTest" time="0.006"/>
  <testcase name="testListFiles" classname="com.sc.gdp.common.s3.S3ServiceTest" time="0.005"/>
  <testcase name="testUploadFileWithInputStream" classname="com.sc.gdp.common.s3.S3ServiceTest" time="0.008"/>
  <testcase name="testGetFileMetadata" classname="com.sc.gdp.common.s3.S3ServiceTest" time="0.005"/>
  <testcase name="testDownloadFileException" classname="com.sc.gdp.common.s3.S3ServiceTest" time="0.005"/>
  <testcase name="testFileExistsNotFound" classname="com.sc.gdp.common.s3.S3ServiceTest" time="0.006"/>
  <testcase name="testFileExistsWithBucketId" classname="com.sc.gdp.common.s3.S3ServiceTest" time="0.007"/>
  <testcase name="testCopyFile" classname="com.sc.gdp.common.s3.S3ServiceTest" time="0.006"/>
  <testcase name="testUploadFileWithBucketId" classname="com.sc.gdp.common.s3.S3ServiceTest" time="0.01"/>
  <testcase name="testUploadFileException" classname="com.sc.gdp.common.s3.S3ServiceTest" time="0.004"/>
  <testcase name="testUploadFileWithPath" classname="com.sc.gdp.common.s3.S3ServiceTest" time="0.005"/>
  <testcase name="testListFilesWithPrefix" classname="com.sc.gdp.common.s3.S3ServiceTest" time="0.004"/>
  <testcase name="testGetFileSize" classname="com.sc.gdp.common.s3.S3ServiceTest" time="0.005"/>
  <testcase name="testFileExists" classname="com.sc.gdp.common.s3.S3ServiceTest" time="0.004"/>
  <testcase name="testDeleteFile" classname="com.sc.gdp.common.s3.S3ServiceTest" time="0.005"/>
  <testcase name="testUploadFileWithBucketIdAndInputStream" classname="com.sc.gdp.common.s3.S3ServiceTest" time="0.005"/>
  <testcase name="testListFileKeys" classname="com.sc.gdp.common.s3.S3ServiceTest" time="0.005"/>
  <testcase name="testListFileKeysInBucket" classname="com.sc.gdp.common.s3.S3ServiceTest" time="0.004"/>
  <testcase name="testDeleteFileWithBucketId" classname="com.sc.gdp.common.s3.S3ServiceTest" time="0.003"/>
  <testcase name="testCopyFileBetweenBuckets" classname="com.sc.gdp.common.s3.S3ServiceTest" time="0.005"/>
  <testcase name="testDownloadFile" classname="com.sc.gdp.common.s3.S3ServiceTest" time="0.004"/>
</testsuite>